Performing C SOURCE FILE Test CMAKE_HAVE_LIBC_PTHREAD failed with the following output:
Change Dir: /home/yx/code/ros2study/2/src/circle/cmake-build-debug/CMakeFiles/CMakeTmp

Run Build Command(s):/usr/bin/make cmTC_5311a/fast && /usr/bin/make  -f CMakeFiles/cmTC_5311a.dir/build.make CMakeFiles/cmTC_5311a.dir/build
make[1]: Entering directory '/home/yx/code/ros2study/2/src/circle/cmake-build-debug/CMakeFiles/CMakeTmp'
Building C object CMakeFiles/cmTC_5311a.dir/src.c.o
/usr/bin/cc -DCMAKE_HAVE_LIBC_PTHREAD   -o CMakeFiles/cmTC_5311a.dir/src.c.o -c /home/yx/code/ros2study/2/src/circle/cmake-build-debug/CMakeFiles/CMakeTmp/src.c
Linking C executable cmTC_5311a
/home/yx/iapp/clion/clion-2021.1.3/bin/cmake/linux/bin/cmake -E cmake_link_script CMakeFiles/cmTC_5311a.dir/link.txt --verbose=1
/usr/bin/cc CMakeFiles/cmTC_5311a.dir/src.c.o -o cmTC_5311a 
CMakeFiles/cmTC_5311a.dir/src.c.o: In function `main':
src.c:(.text+0x3e): undefined reference to `pthread_create'
src.c:(.text+0x4a): undefined reference to `pthread_detach'
src.c:(.text+0x56): undefined reference to `pthread_cancel'
src.c:(.text+0x67): undefined reference to `pthread_join'
src.c:(.text+0x7b): undefined reference to `pthread_atfork'
collect2: error: ld returned 1 exit status
CMakeFiles/cmTC_5311a.dir/build.make:105: recipe for target 'cmTC_5311a' failed
make[1]: *** [cmTC_5311a] Error 1
make[1]: Leaving directory '/home/yx/code/ros2study/2/src/circle/cmake-build-debug/CMakeFiles/CMakeTmp'
Makefile:140: recipe for target 'cmTC_5311a/fast' failed
make: *** [cmTC_5311a/fast] Error 2


Source file was:
#include <pthread.h>

static void* test_func(void* data)
{
  return data;
}

int main(void)
{
  pthread_t thread;
  pthread_create(&thread, NULL, test_func, NULL);
  pthread_detach(thread);
  pthread_cancel(thread);
  pthread_join(thread, NULL);
  pthread_atfork(NULL, NULL, NULL);
  pthread_exit(NULL);

  return 0;
}

Determining if the function pthread_create exists in the pthreads failed with the following output:
Change Dir: /home/yx/code/ros2study/2/src/circle/cmake-build-debug/CMakeFiles/CMakeTmp

Run Build Command(s):/usr/bin/make cmTC_1869d/fast && /usr/bin/make  -f CMakeFiles/cmTC_1869d.dir/build.make CMakeFiles/cmTC_1869d.dir/build
make[1]: Entering directory '/home/yx/code/ros2study/2/src/circle/cmake-build-debug/CMakeFiles/CMakeTmp'
Building C object CMakeFiles/cmTC_1869d.dir/CheckFunctionExists.c.o
/usr/bin/cc   -DCHECK_FUNCTION_EXISTS=pthread_create -o CMakeFiles/cmTC_1869d.dir/CheckFunctionExists.c.o -c /home/yx/iapp/clion/clion-2021.1.3/bin/cmake/linux/share/cmake-3.19/Modules/CheckFunctionExists.c
Linking C executable cmTC_1869d
/home/yx/iapp/clion/clion-2021.1.3/bin/cmake/linux/bin/cmake -E cmake_link_script CMakeFiles/cmTC_1869d.dir/link.txt --verbose=1
/usr/bin/cc  -DCHECK_FUNCTION_EXISTS=pthread_create CMakeFiles/cmTC_1869d.dir/CheckFunctionExists.c.o -o cmTC_1869d  -lpthreads 
/usr/bin/ld: cannot find -lpthreads
collect2: error: ld returned 1 exit status
CMakeFiles/cmTC_1869d.dir/build.make:105: recipe for target 'cmTC_1869d' failed
make[1]: *** [cmTC_1869d] Error 1
make[1]: Leaving directory '/home/yx/code/ros2study/2/src/circle/cmake-build-debug/CMakeFiles/CMakeTmp'
Makefile:140: recipe for target 'cmTC_1869d/fast' failed
make: *** [cmTC_1869d/fast] Error 2



