[0.014s] Invoking command in '/home/yx/code/ros2study/2/src/tf/build/tf': CMAKE_PREFIX_PATH=/opt/ros/dashing /usr/bin/cmake --build /home/yx/code/ros2study/2/src/tf/build/tf -- -j12 -l12
[0.086s] [35m[1mScanning dependencies of target tf_lis[0m
[0.086s] [35m[1mScanning dependencies of target tf_bro[0m
[0.110s] [ 50%] [32mBuilding CXX object CMakeFiles/tf_lis.dir/src/tf_listener.cpp.o[0m
[0.110s] [ 50%] [32mBuilding CXX object CMakeFiles/tf_bro.dir/src/tf_broadcast.cpp.o[0m
[2.018s] [ 75%] [32m[1mLinking CXX executable tf_lis[0m
[2.195s] [100%] [32m[1mLinking CXX executable tf_bro[0m
[2.243s] [100%] Built target tf_lis
[2.367s] [100%] Built target tf_bro
[2.376s] Invoked command in '/home/yx/code/ros2study/2/src/tf/build/tf' returned '0': CMAKE_PREFIX_PATH=/opt/ros/dashing /usr/bin/cmake --build /home/yx/code/ros2study/2/src/tf/build/tf -- -j12 -l12
[2.407s] Invoking command in '/home/yx/code/ros2study/2/src/tf/build/tf': CMAKE_PREFIX_PATH=/opt/ros/dashing /usr/bin/cmake --build /home/yx/code/ros2study/2/src/tf/build/tf --target install -- -j12 -l12
[2.451s] [100%] Built target tf_lis
[2.451s] [100%] Built target tf_bro
[2.466s] [36mInstall the project...[0m
[2.474s] -- Install configuration: ""
[2.474s] -- Up-to-date: /home/yx/code/ros2study/2/src/tf/install/tf/share/tf//launch
[2.474s] -- Up-to-date: /home/yx/code/ros2study/2/src/tf/install/tf/share/tf//launch/tf.py
[2.476s] -- Installing: /home/yx/code/ros2study/2/src/tf/install/tf/lib/tf/tf_bro
[2.477s] -- Set runtime path of "/home/yx/code/ros2study/2/src/tf/install/tf/lib/tf/tf_bro" to ""
[2.479s] -- Installing: /home/yx/code/ros2study/2/src/tf/install/tf/lib/tf/tf_lis
[2.479s] -- Set runtime path of "/home/yx/code/ros2study/2/src/tf/install/tf/lib/tf/tf_lis" to ""
[2.480s] -- Up-to-date: /home/yx/code/ros2study/2/src/tf/install/tf/share/ament_index/resource_index/package_run_dependencies/tf
[2.480s] -- Up-to-date: /home/yx/code/ros2study/2/src/tf/install/tf/share/ament_index/resource_index/parent_prefix_path/tf
[2.480s] -- Up-to-date: /home/yx/code/ros2study/2/src/tf/install/tf/share/tf/environment/ament_prefix_path.sh
[2.480s] -- Up-to-date: /home/yx/code/ros2study/2/src/tf/install/tf/share/tf/environment/path.sh
[2.480s] -- Up-to-date: /home/yx/code/ros2study/2/src/tf/install/tf/share/tf/local_setup.bash
[2.480s] -- Up-to-date: /home/yx/code/ros2study/2/src/tf/install/tf/share/tf/local_setup.sh
[2.480s] -- Up-to-date: /home/yx/code/ros2study/2/src/tf/install/tf/share/tf/local_setup.zsh
[2.480s] -- Up-to-date: /home/yx/code/ros2study/2/src/tf/install/tf/share/ament_index/resource_index/packages/tf
[2.480s] -- Up-to-date: /home/yx/code/ros2study/2/src/tf/install/tf/share/tf/cmake/tfConfig.cmake
[2.480s] -- Up-to-date: /home/yx/code/ros2study/2/src/tf/install/tf/share/tf/cmake/tfConfig-version.cmake
[2.480s] -- Up-to-date: /home/yx/code/ros2study/2/src/tf/install/tf/share/tf/package.xml
[2.488s] Invoked command in '/home/yx/code/ros2study/2/src/tf/build/tf' returned '0': CMAKE_PREFIX_PATH=/opt/ros/dashing /usr/bin/cmake --build /home/yx/code/ros2study/2/src/tf/build/tf --target install -- -j12 -l12
