[35m[1mScanning dependencies of target tf_bro[0m
[ 50%] Built target tf_lis
[ 75%] [32mBuilding CXX object CMakeFiles/tf_bro.dir/src/tf_broadcast.cpp.o[0m
[100%] [32m[1mLinking CXX executable tf_bro[0m
[100%] Built target tf_bro
[ 50%] Built target tf_bro
[100%] Built target tf_lis
[36mInstall the project...[0m
-- Install configuration: ""
-- Up-to-date: /home/yx/code/ros2study/2/src/tf/install/tf/share/tf//launch
-- Up-to-date: /home/yx/code/ros2study/2/src/tf/install/tf/share/tf//launch/tf.py
-- Installing: /home/yx/code/ros2study/2/src/tf/install/tf/lib/tf/tf_bro
-- Set runtime path of "/home/yx/code/ros2study/2/src/tf/install/tf/lib/tf/tf_bro" to ""
-- Up-to-date: /home/yx/code/ros2study/2/src/tf/install/tf/lib/tf/tf_lis
-- Up-to-date: /home/yx/code/ros2study/2/src/tf/install/tf/share/ament_index/resource_index/package_run_dependencies/tf
-- Up-to-date: /home/yx/code/ros2study/2/src/tf/install/tf/share/ament_index/resource_index/parent_prefix_path/tf
-- Up-to-date: /home/yx/code/ros2study/2/src/tf/install/tf/share/tf/environment/ament_prefix_path.sh
-- Up-to-date: /home/yx/code/ros2study/2/src/tf/install/tf/share/tf/environment/path.sh
-- Up-to-date: /home/yx/code/ros2study/2/src/tf/install/tf/share/tf/local_setup.bash
-- Up-to-date: /home/yx/code/ros2study/2/src/tf/install/tf/share/tf/local_setup.sh
-- Up-to-date: /home/yx/code/ros2study/2/src/tf/install/tf/share/tf/local_setup.zsh
-- Up-to-date: /home/yx/code/ros2study/2/src/tf/install/tf/share/ament_index/resource_index/packages/tf
-- Up-to-date: /home/yx/code/ros2study/2/src/tf/install/tf/share/tf/cmake/tfConfig.cmake
-- Up-to-date: /home/yx/code/ros2study/2/src/tf/install/tf/share/tf/cmake/tfConfig-version.cmake
-- Up-to-date: /home/yx/code/ros2study/2/src/tf/install/tf/share/tf/package.xml
