-- Found ament_cmake: 0.7.6 (/opt/ros/dashing/share/ament_cmake/cmake)
-- Using PYTHON_EXECUTABLE: /usr/bin/python3
-- Found rclcpp: 0.7.16 (/opt/ros/dashing/share/rclcpp/cmake)
-- Found rosidl_adapter: 0.7.10 (/opt/ros/dashing/share/rosidl_adapter/cmake)
-- Found rmw_implementation_cmake: 0.7.2 (/opt/ros/dashing/share/rmw_implementation_cmake/cmake)
-- Using RMW implementation 'rmw_fastrtps_cpp' as default
-- Found geometry_msgs: 0.7.1 (/opt/ros/dashing/share/geometry_msgs/cmake)
-- Found turtlesim: 1.0.3 (/opt/ros/dashing/share/turtlesim/cmake)
-- Found ament_lint_auto: 0.7.12 (/opt/ros/dashing/share/ament_lint_auto/cmake)
-- Added test 'copyright' to check for copyright in CMake / C / C++ / Python code
-- Added test 'cppcheck' to perform static code analysis on C / C++ code
-- Configured cppcheck include dirs: 
-- Added test 'cpplint' to check C / C++ code against the Google style
-- Added test 'flake8' to check Python code syntax and style conventions
-- Added test 'lint_cmake' to check CMake code style
-- Added test 'pep257' to check Python code against some of the style conventions in PEP 257
-- Added test 'uncrustify' to check C / C++ code style
-- Added test 'xmllint' to check XML markup files
-- Configuring done
-- Generating done
-- Build files have been written to: /home/yx/code/ros2study/2/src/circle/build/circle
[35m[1mScanning dependencies of target circle[0m
[ 50%] [32mBuilding CXX object CMakeFiles/circle.dir/src/circle.cpp.o[0m
[100%] [32m[1mLinking CXX executable circle[0m
[100%] Built target circle
[100%] Built target circle
[36mInstall the project...[0m
-- Install configuration: ""
-- Installing: /home/yx/code/ros2study/2/src/circle/install/circle/share///launch
-- Installing: /home/yx/code/ros2study/2/src/circle/install/circle/share///launch/circle.py
-- Installing: /home/yx/code/ros2study/2/src/circle/install/circle/lib/circle/circle
-- Set runtime path of "/home/yx/code/ros2study/2/src/circle/install/circle/lib/circle/circle" to ""
-- Installing: /home/yx/code/ros2study/2/src/circle/install/circle/share/ament_index/resource_index/package_run_dependencies/circle
-- Installing: /home/yx/code/ros2study/2/src/circle/install/circle/share/ament_index/resource_index/parent_prefix_path/circle
-- Installing: /home/yx/code/ros2study/2/src/circle/install/circle/share/circle/environment/ament_prefix_path.sh
-- Installing: /home/yx/code/ros2study/2/src/circle/install/circle/share/circle/environment/path.sh
-- Installing: /home/yx/code/ros2study/2/src/circle/install/circle/share/circle/local_setup.bash
-- Installing: /home/yx/code/ros2study/2/src/circle/install/circle/share/circle/local_setup.sh
-- Installing: /home/yx/code/ros2study/2/src/circle/install/circle/share/circle/local_setup.zsh
-- Installing: /home/yx/code/ros2study/2/src/circle/install/circle/share/ament_index/resource_index/packages/circle
-- Installing: /home/yx/code/ros2study/2/src/circle/install/circle/share/circle/cmake/circleConfig.cmake
-- Installing: /home/yx/code/ros2study/2/src/circle/install/circle/share/circle/cmake/circleConfig-version.cmake
-- Installing: /home/yx/code/ros2study/2/src/circle/install/circle/share/circle/package.xml
