[0.013s] Invoking command in '/home/yx/code/ros2study/2/src/ntf/build/ntf': CMAKE_PREFIX_PATH=${CMAKE_PREFIX_PATH}:/opt/ros/dashing /usr/bin/cmake --build /home/yx/code/ros2study/2/src/ntf/build/ntf -- -j12 -l12
[0.046s] [35m[1mScanning dependencies of target ntf[0m
[0.062s] [ 50%] [32mBuilding CXX object CMakeFiles/ntf.dir/src/ntf.cpp.o[0m
[1.884s] [100%] [32m[1mLinking CXX executable ntf[0m
[2.004s] [100%] Built target ntf
[2.012s] Invoked command in '/home/yx/code/ros2study/2/src/ntf/build/ntf' returned '0': CMAKE_PREFIX_PATH=${CMAKE_PREFIX_PATH}:/opt/ros/dashing /usr/bin/cmake --build /home/yx/code/ros2study/2/src/ntf/build/ntf -- -j12 -l12
[2.037s] Invoking command in '/home/yx/code/ros2study/2/src/ntf/build/ntf': CMAKE_PREFIX_PATH=${CMAKE_PREFIX_PATH}:/opt/ros/dashing /usr/bin/cmake --build /home/yx/code/ros2study/2/src/ntf/build/ntf --target install -- -j12 -l12
[2.088s] [100%] Built target ntf
[2.102s] [36mInstall the project...[0m
[2.110s] -- Install configuration: ""
[2.110s] -- Up-to-date: /home/yx/code/ros2study/2/src/ntf/install/ntf/share/ntf//launch
[2.110s] -- Up-to-date: /home/yx/code/ros2study/2/src/ntf/install/ntf/share/ntf//launch/ntf.py
[2.110s] -- Up-to-date: /home/yx/code/ros2study/2/src/ntf/install/ntf/share/ntf//launch/ntf.launch
[2.110s] -- Installing: /home/yx/code/ros2study/2/src/ntf/install/ntf/lib/ntf/ntf
[2.111s] -- Set runtime path of "/home/yx/code/ros2study/2/src/ntf/install/ntf/lib/ntf/ntf" to ""
[2.111s] -- Up-to-date: /home/yx/code/ros2study/2/src/ntf/install/ntf/share/ament_index/resource_index/package_run_dependencies/ntf
[2.111s] -- Up-to-date: /home/yx/code/ros2study/2/src/ntf/install/ntf/share/ament_index/resource_index/parent_prefix_path/ntf
[2.111s] -- Up-to-date: /home/yx/code/ros2study/2/src/ntf/install/ntf/share/ntf/environment/ament_prefix_path.sh
[2.111s] -- Up-to-date: /home/yx/code/ros2study/2/src/ntf/install/ntf/share/ntf/environment/path.sh
[2.112s] -- Up-to-date: /home/yx/code/ros2study/2/src/ntf/install/ntf/share/ntf/local_setup.bash
[2.112s] -- Up-to-date: /home/yx/code/ros2study/2/src/ntf/install/ntf/share/ntf/local_setup.sh
[2.112s] -- Up-to-date: /home/yx/code/ros2study/2/src/ntf/install/ntf/share/ntf/local_setup.zsh
[2.112s] -- Up-to-date: /home/yx/code/ros2study/2/src/ntf/install/ntf/share/ament_index/resource_index/packages/ntf
[2.112s] -- Up-to-date: /home/yx/code/ros2study/2/src/ntf/install/ntf/share/ntf/cmake/ntfConfig.cmake
[2.112s] -- Up-to-date: /home/yx/code/ros2study/2/src/ntf/install/ntf/share/ntf/cmake/ntfConfig-version.cmake
[2.112s] -- Up-to-date: /home/yx/code/ros2study/2/src/ntf/install/ntf/share/ntf/package.xml
[2.115s] Invoked command in '/home/yx/code/ros2study/2/src/ntf/build/ntf' returned '0': CMAKE_PREFIX_PATH=${CMAKE_PREFIX_PATH}:/opt/ros/dashing /usr/bin/cmake --build /home/yx/code/ros2study/2/src/ntf/build/ntf --target install -- -j12 -l12
