[0.012s] Invoking command in '/home/yx/code/ros2study/2/src/tf/build/tf': CMAKE_PREFIX_PATH=${CMAKE_PREFIX_PATH}:/opt/ros/dashing /usr/bin/cmake --build /home/yx/code/ros2study/2/src/tf/build/tf -- -j12 -l12
[0.042s] [35m[1mScanning dependencies of target tf_bro[0m
[0.053s] [ 50%] Built target tf_lis
[0.058s] [ 75%] [32mBuilding CXX object CMakeFiles/tf_bro.dir/src/tf_broadcast.cpp.o[0m
[1.896s] [100%] [32m[1mLinking CXX executable tf_bro[0m
[2.021s] [100%] Built target tf_bro
[2.030s] Invoked command in '/home/yx/code/ros2study/2/src/tf/build/tf' returned '0': CMAKE_PREFIX_PATH=${CMAKE_PREFIX_PATH}:/opt/ros/dashing /usr/bin/cmake --build /home/yx/code/ros2study/2/src/tf/build/tf -- -j12 -l12
[2.058s] Invoking command in '/home/yx/code/ros2study/2/src/tf/build/tf': CMAKE_PREFIX_PATH=${CMAKE_PREFIX_PATH}:/opt/ros/dashing /usr/bin/cmake --build /home/yx/code/ros2study/2/src/tf/build/tf --target install -- -j12 -l12
[2.100s] [100%] Built target tf_bro
[2.100s] [100%] Built target tf_lis
[2.113s] [36mInstall the project...[0m
[2.119s] -- Install configuration: ""
[2.119s] -- Up-to-date: /home/yx/code/ros2study/2/src/tf/install/tf/share/tf//launch
[2.120s] -- Up-to-date: /home/yx/code/ros2study/2/src/tf/install/tf/share/tf//launch/tf.py
[2.120s] -- Installing: /home/yx/code/ros2study/2/src/tf/install/tf/lib/tf/tf_bro
[2.120s] -- Set runtime path of "/home/yx/code/ros2study/2/src/tf/install/tf/lib/tf/tf_bro" to ""
[2.120s] -- Up-to-date: /home/yx/code/ros2study/2/src/tf/install/tf/lib/tf/tf_lis
[2.121s] -- Up-to-date: /home/yx/code/ros2study/2/src/tf/install/tf/share/ament_index/resource_index/package_run_dependencies/tf
[2.121s] -- Up-to-date: /home/yx/code/ros2study/2/src/tf/install/tf/share/ament_index/resource_index/parent_prefix_path/tf
[2.121s] -- Up-to-date: /home/yx/code/ros2study/2/src/tf/install/tf/share/tf/environment/ament_prefix_path.sh
[2.121s] -- Up-to-date: /home/yx/code/ros2study/2/src/tf/install/tf/share/tf/environment/path.sh
[2.121s] -- Up-to-date: /home/yx/code/ros2study/2/src/tf/install/tf/share/tf/local_setup.bash
[2.121s] -- Up-to-date: /home/yx/code/ros2study/2/src/tf/install/tf/share/tf/local_setup.sh
[2.121s] -- Up-to-date: /home/yx/code/ros2study/2/src/tf/install/tf/share/tf/local_setup.zsh
[2.121s] -- Up-to-date: /home/yx/code/ros2study/2/src/tf/install/tf/share/ament_index/resource_index/packages/tf
[2.122s] -- Up-to-date: /home/yx/code/ros2study/2/src/tf/install/tf/share/tf/cmake/tfConfig.cmake
[2.122s] -- Up-to-date: /home/yx/code/ros2study/2/src/tf/install/tf/share/tf/cmake/tfConfig-version.cmake
[2.122s] -- Up-to-date: /home/yx/code/ros2study/2/src/tf/install/tf/share/tf/package.xml
[2.124s] Invoked command in '/home/yx/code/ros2study/2/src/tf/build/tf' returned '0': CMAKE_PREFIX_PATH=${CMAKE_PREFIX_PATH}:/opt/ros/dashing /usr/bin/cmake --build /home/yx/code/ros2study/2/src/tf/build/tf --target install -- -j12 -l12
