[0.201s] DEBUG:colcon:Command line arguments: ['/usr/bin/colcon', 'build']
[0.201s] DEBUG:colcon:Parsed command line arguments: Namespace(allow_overriding=[], ament_cmake_args=None, base_paths=['.'], build_base='build', catkin_cmake_args=None, catkin_skip_building_tests=False, cmake_args=None, cmake_clean_cache=False, cmake_clean_first=False, cmake_force_configure=False, cmake_target=None, cmake_target_skip_unavailable=False, continue_on_error=False, event_handlers=None, executor='parallel', ignore_user_meta=False, install_base='install', log_base=None, log_level=None, main=<bound method BuildVerb.main of <colcon_core.verb.build.BuildVerb object at 0x7fcbd7963278>>, merge_install=False, metas=['./colcon.meta'], packages_above=None, packages_above_and_dependencies=None, packages_above_depth=None, packages_end=None, packages_ignore=None, packages_ignore_regex=None, packages_select=None, packages_select_build_failed=False, packages_select_by_dep=None, packages_select_regex=None, packages_select_test_failures=False, packages_skip=None, packages_skip_build_finished=False, packages_skip_by_dep=None, packages_skip_regex=None, packages_skip_test_passed=False, packages_skip_up_to=None, packages_start=None, packages_up_to=None, packages_up_to_regex=None, parallel_workers=12, paths=None, symlink_install=False, test_result_base=None, verb_extension=<colcon_core.verb.build.BuildVerb object at 0x7fcbd7963278>, verb_name='build', verb_parser=<colcon_defaults.argument_parser.defaults.DefaultArgumentsDecorator object at 0x7fcbd79635c0>)
[0.227s] Level 1:colcon.colcon_core.package_discovery:discover_packages(colcon_meta) check parameters
[0.227s] Level 1:colcon.colcon_core.package_discovery:discover_packages(recursive) check parameters
[0.227s] Level 1:colcon.colcon_core.package_discovery:discover_packages(ignore) check parameters
[0.227s] Level 1:colcon.colcon_core.package_discovery:discover_packages(path) check parameters
[0.227s] Level 1:colcon.colcon_core.package_discovery:discover_packages(colcon_meta) discover
[0.227s] Level 1:colcon.colcon_core.package_discovery:discover_packages(recursive) discover
[0.227s] INFO:colcon.colcon_core.package_discovery:Crawling recursively for packages in '/home/yx/code/ros2study/2/src/circle'
[0.227s] Level 1:colcon.colcon_core.package_identification:_identify(.) by extensions ['ignore', 'ignore_ament_install']
[0.227s] Level 1:colcon.colcon_core.package_identification:_identify(.) by extension 'ignore'
[0.227s] Level 1:colcon.colcon_core.package_identification:_identify(.) by extension 'ignore_ament_install'
[0.227s] Level 1:colcon.colcon_core.package_identification:_identify(.) by extensions ['colcon_pkg']
[0.227s] Level 1:colcon.colcon_core.package_identification:_identify(.) by extension 'colcon_pkg'
[0.227s] Level 1:colcon.colcon_core.package_identification:_identify(.) by extensions ['colcon_meta']
[0.228s] Level 1:colcon.colcon_core.package_identification:_identify(.) by extension 'colcon_meta'
[0.228s] Level 1:colcon.colcon_core.package_identification:_identify(.) by extensions ['ros']
[0.228s] Level 1:colcon.colcon_core.package_identification:_identify(.) by extension 'ros'
[0.237s] DEBUG:colcon.colcon_core.package_identification:Package '.' with type 'ros.ament_cmake' and name 'circle'
[0.237s] Level 1:colcon.colcon_core.package_discovery:discover_packages(recursive) using defaults
[0.237s] Level 1:colcon.colcon_core.package_discovery:discover_packages(ignore) discover
[0.237s] Level 1:colcon.colcon_core.package_discovery:discover_packages(ignore) using defaults
[0.237s] Level 1:colcon.colcon_core.package_discovery:discover_packages(path) discover
[0.237s] Level 1:colcon.colcon_core.package_discovery:discover_packages(path) using defaults
[0.251s] Level 1:colcon.colcon_core.package_discovery:discover_packages(prefix_path) check parameters
[0.251s] Level 1:colcon.colcon_core.package_discovery:discover_packages(prefix_path) discover
[0.253s] DEBUG:colcon.colcon_installed_package_information.package_discovery:Found 215 installed packages in /opt/ros/dashing
[0.254s] Level 1:colcon.colcon_core.package_discovery:discover_packages(prefix_path) using defaults
[0.289s] Level 5:colcon.colcon_core.verb:set package 'circle' build argument 'cmake_args' from command line to 'None'
[0.289s] Level 5:colcon.colcon_core.verb:set package 'circle' build argument 'cmake_target' from command line to 'None'
[0.289s] Level 5:colcon.colcon_core.verb:set package 'circle' build argument 'cmake_target_skip_unavailable' from command line to 'False'
[0.289s] Level 5:colcon.colcon_core.verb:set package 'circle' build argument 'cmake_clean_cache' from command line to 'False'
[0.289s] Level 5:colcon.colcon_core.verb:set package 'circle' build argument 'cmake_clean_first' from command line to 'False'
[0.289s] Level 5:colcon.colcon_core.verb:set package 'circle' build argument 'cmake_force_configure' from command line to 'False'
[0.289s] Level 5:colcon.colcon_core.verb:set package 'circle' build argument 'ament_cmake_args' from command line to 'None'
[0.289s] Level 5:colcon.colcon_core.verb:set package 'circle' build argument 'catkin_cmake_args' from command line to 'None'
[0.289s] Level 5:colcon.colcon_core.verb:set package 'circle' build argument 'catkin_skip_building_tests' from command line to 'False'
[0.289s] DEBUG:colcon.colcon_core.verb:Building package 'circle' with the following arguments: {'ament_cmake_args': None, 'build_base': '/home/yx/code/ros2study/2/src/circle/build/circle', 'catkin_cmake_args': None, 'catkin_skip_building_tests': False, 'cmake_args': None, 'cmake_clean_cache': False, 'cmake_clean_first': False, 'cmake_force_configure': False, 'cmake_target': None, 'cmake_target_skip_unavailable': False, 'install_base': '/home/yx/code/ros2study/2/src/circle/install/circle', 'merge_install': False, 'path': '/home/yx/code/ros2study/2/src/circle', 'symlink_install': False, 'test_result_base': None}
[0.290s] INFO:colcon.colcon_core.executor:Executing jobs using 'parallel' executor
[0.292s] DEBUG:colcon.colcon_parallel_executor.executor.parallel:run_until_complete
[0.292s] INFO:colcon.colcon_ros.task.ament_cmake.build:Building ROS package in '/home/yx/code/ros2study/2/src/circle' with build type 'ament_cmake'
[0.292s] INFO:colcon.colcon_cmake.task.cmake.build:Building CMake package in '/home/yx/code/ros2study/2/src/circle'
[0.295s] INFO:colcon.colcon_core.plugin_system:Skipping extension 'colcon_core.shell.bat': Not used on non-Windows systems
[0.296s] INFO:colcon.colcon_core.shell:Skip shell extension 'powershell' for command environment: Not usable outside of PowerShell
[0.296s] DEBUG:colcon.colcon_core.shell:Skip shell extension 'dsv' for command environment
[0.305s] DEBUG:colcon.colcon_core.event_handler.log_command:Invoking command in '/home/yx/code/ros2study/2/src/circle/build/circle': CMAKE_PREFIX_PATH=/opt/ros/dashing /usr/bin/cmake /home/yx/code/ros2study/2/src/circle -DCMAKE_INSTALL_PREFIX=/home/yx/code/ros2study/2/src/circle/install/circle
[0.645s] DEBUG:colcon.colcon_core.event_handler.log_command:Invoked command in '/home/yx/code/ros2study/2/src/circle/build/circle' returned '0': CMAKE_PREFIX_PATH=/opt/ros/dashing /usr/bin/cmake /home/yx/code/ros2study/2/src/circle -DCMAKE_INSTALL_PREFIX=/home/yx/code/ros2study/2/src/circle/install/circle
[0.648s] DEBUG:colcon.colcon_core.event_handler.log_command:Invoking command in '/home/yx/code/ros2study/2/src/circle/build/circle': CMAKE_PREFIX_PATH=/opt/ros/dashing /usr/bin/cmake --build /home/yx/code/ros2study/2/src/circle/build/circle -- -j12 -l12
[2.925s] DEBUG:colcon.colcon_core.event_handler.log_command:Invoked command in '/home/yx/code/ros2study/2/src/circle/build/circle' returned '0': CMAKE_PREFIX_PATH=/opt/ros/dashing /usr/bin/cmake --build /home/yx/code/ros2study/2/src/circle/build/circle -- -j12 -l12
[2.951s] DEBUG:colcon.colcon_core.event_handler.log_command:Invoking command in '/home/yx/code/ros2study/2/src/circle/build/circle': CMAKE_PREFIX_PATH=/opt/ros/dashing /usr/bin/cmake --build /home/yx/code/ros2study/2/src/circle/build/circle --target install -- -j12 -l12
[3.015s] Level 1:colcon.colcon_core.environment:create_environment_scripts_only(circle)
[3.016s] DEBUG:colcon.colcon_core.event_handler.log_command:Invoked command in '/home/yx/code/ros2study/2/src/circle/build/circle' returned '0': CMAKE_PREFIX_PATH=/opt/ros/dashing /usr/bin/cmake --build /home/yx/code/ros2study/2/src/circle/build/circle --target install -- -j12 -l12
[3.019s] Level 1:colcon.colcon_core.environment:checking '/home/yx/code/ros2study/2/src/circle/install/circle' for CMake module files
[3.019s] Level 1:colcon.colcon_core.environment:checking '/home/yx/code/ros2study/2/src/circle/install/circle' for CMake config files
[3.020s] Level 1:colcon.colcon_core.shell:create_environment_hook('circle', 'cmake_prefix_path')
[3.020s] INFO:colcon.colcon_core.shell:Creating environment hook '/home/yx/code/ros2study/2/src/circle/install/circle/share/circle/hook/cmake_prefix_path.ps1'
[3.021s] INFO:colcon.colcon_core.shell:Creating environment descriptor '/home/yx/code/ros2study/2/src/circle/install/circle/share/circle/hook/cmake_prefix_path.dsv'
[3.021s] INFO:colcon.colcon_core.shell:Creating environment hook '/home/yx/code/ros2study/2/src/circle/install/circle/share/circle/hook/cmake_prefix_path.sh'
[3.022s] Level 1:colcon.colcon_core.environment:checking '/home/yx/code/ros2study/2/src/circle/install/circle/lib'
[3.022s] Level 1:colcon.colcon_core.environment:checking '/home/yx/code/ros2study/2/src/circle/install/circle/bin'
[3.022s] Level 1:colcon.colcon_core.environment:checking '/home/yx/code/ros2study/2/src/circle/install/circle/lib/pkgconfig/circle.pc'
[3.022s] Level 1:colcon.colcon_core.environment:checking '/home/yx/code/ros2study/2/src/circle/install/circle/lib/python3.6/site-packages'
[3.022s] Level 1:colcon.colcon_core.environment:checking '/home/yx/code/ros2study/2/src/circle/install/circle/bin'
[3.023s] INFO:colcon.colcon_core.shell:Creating package script '/home/yx/code/ros2study/2/src/circle/install/circle/share/circle/package.ps1'
[3.024s] INFO:colcon.colcon_core.shell:Creating package descriptor '/home/yx/code/ros2study/2/src/circle/install/circle/share/circle/package.dsv'
[3.024s] INFO:colcon.colcon_core.shell:Creating package script '/home/yx/code/ros2study/2/src/circle/install/circle/share/circle/package.sh'
[3.025s] INFO:colcon.colcon_core.shell:Creating package script '/home/yx/code/ros2study/2/src/circle/install/circle/share/circle/package.bash'
[3.026s] INFO:colcon.colcon_core.shell:Creating package script '/home/yx/code/ros2study/2/src/circle/install/circle/share/circle/package.zsh'
[3.026s] Level 1:colcon.colcon_core.environment:create_file_with_runtime_dependencies(/home/yx/code/ros2study/2/src/circle/install/circle/share/colcon-core/packages/circle)
[3.044s] Level 1:colcon.colcon_core.environment:create_environment_scripts_only(circle)
[3.046s] Level 1:colcon.colcon_core.environment:checking '/home/yx/code/ros2study/2/src/circle/install/circle' for CMake module files
[3.046s] Level 1:colcon.colcon_core.environment:checking '/home/yx/code/ros2study/2/src/circle/install/circle' for CMake config files
[3.046s] Level 1:colcon.colcon_core.shell:create_environment_hook('circle', 'cmake_prefix_path')
[3.047s] INFO:colcon.colcon_core.shell:Creating environment hook '/home/yx/code/ros2study/2/src/circle/install/circle/share/circle/hook/cmake_prefix_path.ps1'
[3.048s] INFO:colcon.colcon_core.shell:Creating environment descriptor '/home/yx/code/ros2study/2/src/circle/install/circle/share/circle/hook/cmake_prefix_path.dsv'
[3.048s] INFO:colcon.colcon_core.shell:Creating environment hook '/home/yx/code/ros2study/2/src/circle/install/circle/share/circle/hook/cmake_prefix_path.sh'
[3.049s] Level 1:colcon.colcon_core.environment:checking '/home/yx/code/ros2study/2/src/circle/install/circle/lib'
[3.049s] Level 1:colcon.colcon_core.environment:checking '/home/yx/code/ros2study/2/src/circle/install/circle/bin'
[3.049s] Level 1:colcon.colcon_core.environment:checking '/home/yx/code/ros2study/2/src/circle/install/circle/lib/pkgconfig/circle.pc'
[3.049s] Level 1:colcon.colcon_core.environment:checking '/home/yx/code/ros2study/2/src/circle/install/circle/lib/python3.6/site-packages'
[3.049s] Level 1:colcon.colcon_core.environment:checking '/home/yx/code/ros2study/2/src/circle/install/circle/bin'
[3.050s] INFO:colcon.colcon_core.shell:Creating package script '/home/yx/code/ros2study/2/src/circle/install/circle/share/circle/package.ps1'
[3.051s] INFO:colcon.colcon_core.shell:Creating package descriptor '/home/yx/code/ros2study/2/src/circle/install/circle/share/circle/package.dsv'
[3.051s] INFO:colcon.colcon_core.shell:Creating package script '/home/yx/code/ros2study/2/src/circle/install/circle/share/circle/package.sh'
[3.051s] INFO:colcon.colcon_core.shell:Creating package script '/home/yx/code/ros2study/2/src/circle/install/circle/share/circle/package.bash'
[3.052s] INFO:colcon.colcon_core.shell:Creating package script '/home/yx/code/ros2study/2/src/circle/install/circle/share/circle/package.zsh'
[3.052s] Level 1:colcon.colcon_core.environment:create_file_with_runtime_dependencies(/home/yx/code/ros2study/2/src/circle/install/circle/share/colcon-core/packages/circle)
[3.053s] DEBUG:colcon.colcon_parallel_executor.executor.parallel:closing loop
[3.053s] DEBUG:colcon.colcon_parallel_executor.executor.parallel:loop closed
[3.053s] DEBUG:colcon.colcon_parallel_executor.executor.parallel:run_until_complete finished with '0'
[3.053s] DEBUG:colcon.colcon_core.event_reactor:joining thread
[3.057s] INFO:colcon.colcon_core.plugin_system:Skipping extension 'colcon_notification.desktop_notification.terminal_notifier': Not used on non-Darwin systems
[3.058s] INFO:colcon.colcon_core.plugin_system:Skipping extension 'colcon_notification.desktop_notification.win32': Not used on non-Windows systems
[3.058s] INFO:colcon.colcon_notification.desktop_notification:Sending desktop notification using 'notify2'
[3.060s] DEBUG:colcon.colcon_core.event_reactor:joined thread
[3.061s] INFO:colcon.colcon_core.shell:Creating prefix script '/home/yx/code/ros2study/2/src/circle/install/local_setup.ps1'
[3.062s] INFO:colcon.colcon_core.shell:Creating prefix util module '/home/yx/code/ros2study/2/src/circle/install/_local_setup_util_ps1.py'
[3.063s] INFO:colcon.colcon_core.shell:Creating prefix chain script '/home/yx/code/ros2study/2/src/circle/install/setup.ps1'
[3.064s] INFO:colcon.colcon_core.shell:Creating prefix script '/home/yx/code/ros2study/2/src/circle/install/local_setup.sh'
[3.065s] INFO:colcon.colcon_core.shell:Creating prefix util module '/home/yx/code/ros2study/2/src/circle/install/_local_setup_util_sh.py'
[3.065s] INFO:colcon.colcon_core.shell:Creating prefix chain script '/home/yx/code/ros2study/2/src/circle/install/setup.sh'
[3.066s] INFO:colcon.colcon_core.shell:Creating prefix script '/home/yx/code/ros2study/2/src/circle/install/local_setup.bash'
[3.067s] INFO:colcon.colcon_core.shell:Creating prefix chain script '/home/yx/code/ros2study/2/src/circle/install/setup.bash'
[3.068s] INFO:colcon.colcon_core.shell:Creating prefix script '/home/yx/code/ros2study/2/src/circle/install/local_setup.zsh'
[3.068s] INFO:colcon.colcon_core.shell:Creating prefix chain script '/home/yx/code/ros2study/2/src/circle/install/setup.zsh'
