[0.014s] Invoking command in '/home/yx/code/ros2study/2/src/ntf/build/ntf': CMAKE_PREFIX_PATH=${CMAKE_PREFIX_PATH}:/opt/ros/dashing /usr/bin/cmake --build /home/yx/code/ros2study/2/src/ntf/build/ntf -- -j12 -l12
[0.032s] -- Found ament_cmake: 0.7.6 (/opt/ros/dashing/share/ament_cmake/cmake)
[0.050s] -- Using PYTHON_EXECUTABLE: /usr/bin/python3
[0.171s] -- Found geometry_msgs: 0.7.1 (/opt/ros/dashing/share/geometry_msgs/cmake)
[0.176s] -- Found rosidl_adapter: 0.7.10 (/opt/ros/dashing/share/rosidl_adapter/cmake)
[0.197s] -- Found turtlesim: 1.0.3 (/opt/ros/dashing/share/turtlesim/cmake)
[0.206s] -- Found rclcpp: 0.7.16 (/opt/ros/dashing/share/rclcpp/cmake)
[0.211s] -- Found rmw_implementation_cmake: 0.7.2 (/opt/ros/dashing/share/rmw_implementation_cmake/cmake)
[0.212s] -- Using RMW implementation 'rmw_fastrtps_cpp' as default
[0.237s] -- Found ament_lint_auto: 0.7.12 (/opt/ros/dashing/share/ament_lint_auto/cmake)
[0.290s] -- Added test 'copyright' to check for copyright in CMake / C / C++ / Python code
[0.296s] -- Added test 'cppcheck' to perform static code analysis on C / C++ code
[0.297s] -- Configured cppcheck include dirs: 
[0.302s] -- Added test 'cpplint' to check C / C++ code against the Google style
[0.303s] -- Added test 'flake8' to check Python code syntax and style conventions
[0.305s] -- Added test 'lint_cmake' to check CMake code style
[0.306s] -- Added test 'pep257' to check Python code against some of the style conventions in PEP 257
[0.312s] -- Added test 'uncrustify' to check C / C++ code style
[0.313s] -- Added test 'xmllint' to check XML markup files
[0.314s] -- Configuring done
[0.332s] -- Generating done
[0.333s] -- Build files have been written to: /home/yx/code/ros2study/2/src/ntf/build/ntf
[0.360s] [100%] Built target ntf_node
[0.368s] Invoked command in '/home/yx/code/ros2study/2/src/ntf/build/ntf' returned '0': CMAKE_PREFIX_PATH=${CMAKE_PREFIX_PATH}:/opt/ros/dashing /usr/bin/cmake --build /home/yx/code/ros2study/2/src/ntf/build/ntf -- -j12 -l12
[0.395s] Invoking command in '/home/yx/code/ros2study/2/src/ntf/build/ntf': CMAKE_PREFIX_PATH=${CMAKE_PREFIX_PATH}:/opt/ros/dashing /usr/bin/cmake --build /home/yx/code/ros2study/2/src/ntf/build/ntf --target install -- -j12 -l12
[0.433s] [100%] Built target ntf_node
[0.447s] [36mInstall the project...[0m
[0.453s] -- Install configuration: ""
[0.454s] -- Installing: /home/yx/code/ros2study/2/src/ntf/install/ntf/share/ntf//launch
[0.454s] -- Installing: /home/yx/code/ros2study/2/src/ntf/install/ntf/share/ntf//launch/ntf.launch
[0.454s] -- Installing: /home/yx/code/ros2study/2/src/ntf/install/ntf/share/ntf//launch/launch.py
[0.455s] -- Up-to-date: /home/yx/code/ros2study/2/src/ntf/install/ntf/share/ament_index/resource_index/package_run_dependencies/ntf
[0.455s] -- Installing: /home/yx/code/ros2study/2/src/ntf/install/ntf/share/ament_index/resource_index/parent_prefix_path/ntf
[0.455s] -- Up-to-date: /home/yx/code/ros2study/2/src/ntf/install/ntf/share/ntf/environment/ament_prefix_path.sh
[0.455s] -- Up-to-date: /home/yx/code/ros2study/2/src/ntf/install/ntf/share/ntf/environment/path.sh
[0.455s] -- Up-to-date: /home/yx/code/ros2study/2/src/ntf/install/ntf/share/ntf/local_setup.bash
[0.455s] -- Up-to-date: /home/yx/code/ros2study/2/src/ntf/install/ntf/share/ntf/local_setup.sh
[0.455s] -- Up-to-date: /home/yx/code/ros2study/2/src/ntf/install/ntf/share/ntf/local_setup.zsh
[0.455s] -- Up-to-date: /home/yx/code/ros2study/2/src/ntf/install/ntf/share/ament_index/resource_index/packages/ntf
[0.455s] -- Up-to-date: /home/yx/code/ros2study/2/src/ntf/install/ntf/share/ntf/cmake/ntfConfig.cmake
[0.455s] -- Up-to-date: /home/yx/code/ros2study/2/src/ntf/install/ntf/share/ntf/cmake/ntfConfig-version.cmake
[0.455s] -- Up-to-date: /home/yx/code/ros2study/2/src/ntf/install/ntf/share/ntf/package.xml
[0.458s] Invoked command in '/home/yx/code/ros2study/2/src/ntf/build/ntf' returned '0': CMAKE_PREFIX_PATH=${CMAKE_PREFIX_PATH}:/opt/ros/dashing /usr/bin/cmake --build /home/yx/code/ros2study/2/src/ntf/build/ntf --target install -- -j12 -l12
