[0.013s] Invoking command in '/home/yx/code/ros2study/2/src/circle/build/circle': CMAKE_PREFIX_PATH=/opt/ros/dashing /usr/bin/cmake /home/yx/code/ros2study/2/src/circle -DCMAKE_INSTALL_PREFIX=/home/yx/code/ros2study/2/src/circle/install/circle
[0.023s] -- Found ament_cmake: 0.7.6 (/opt/ros/dashing/share/ament_cmake/cmake)
[0.041s] -- Using PYTHON_EXECUTABLE: /usr/bin/python3
[0.157s] -- Found rclcpp: 0.7.16 (/opt/ros/dashing/share/rclcpp/cmake)
[0.164s] -- Found rosidl_adapter: 0.7.10 (/opt/ros/dashing/share/rosidl_adapter/cmake)
[0.183s] -- Found rmw_implementation_cmake: 0.7.2 (/opt/ros/dashing/share/rmw_implementation_cmake/cmake)
[0.183s] -- Using RMW implementation 'rmw_fastrtps_cpp' as default
[0.198s] -- Found tf2: 0.11.6 (/opt/ros/dashing/share/tf2/cmake)
[0.200s] -- Found tf2_ros: 0.11.6 (/opt/ros/dashing/share/tf2_ros/cmake)
[0.234s] -- Found turtlesim: 1.0.3 (/opt/ros/dashing/share/turtlesim/cmake)
[0.237s] -- Found tf2_geometry_msgs: 0.11.6 (/opt/ros/dashing/share/tf2_geometry_msgs/cmake)
[0.238s] -- Found eigen3_cmake_module: 0.1.1 (/opt/ros/dashing/share/eigen3_cmake_module/cmake)
[0.271s] -- Found ament_lint_auto: 0.7.12 (/opt/ros/dashing/share/ament_lint_auto/cmake)
[0.312s] CMake Error at /opt/ros/dashing/share/ament_cmake_core/cmake/core/ament_package_xml.cmake:53 (message):
[0.312s]   ament_package_xml() package name 'circle' in '/package.xml' does not match
[0.312s]   current PROJECT_NAME 'tf'.  You must call project() with the same package
[0.312s]   name before.
[0.312s] Call Stack (most recent call first):
[0.312s]   /opt/ros/dashing/share/ament_lint_auto/cmake/ament_lint_auto_find_test_dependencies.cmake:31 (ament_package_xml)
[0.312s]   CMakeLists.txt:63 (ament_lint_auto_find_test_dependencies)
[0.312s] 
[0.312s] 
[0.313s] -- Configuring incomplete, errors occurred!
[0.313s] See also "/home/yx/code/ros2study/2/src/circle/build/circle/CMakeFiles/CMakeOutput.log".
[0.313s] See also "/home/yx/code/ros2study/2/src/circle/build/circle/CMakeFiles/CMakeError.log".
[0.316s] Invoked command in '/home/yx/code/ros2study/2/src/circle/build/circle' returned '1': CMAKE_PREFIX_PATH=/opt/ros/dashing /usr/bin/cmake /home/yx/code/ros2study/2/src/circle -DCMAKE_INSTALL_PREFIX=/home/yx/code/ros2study/2/src/circle/install/circle
