[0.013s] Invoking command in '/home/yx/code/ros2study/2/src/ntf/build/ntf': CMAKE_PREFIX_PATH=/opt/ros/dashing /usr/bin/cmake --build /home/yx/code/ros2study/2/src/ntf/build/ntf -- -j12 -l12
[0.029s] -- Found ament_cmake: 0.7.6 (/opt/ros/dashing/share/ament_cmake/cmake)
[0.045s] -- Using PYTHON_EXECUTABLE: /usr/bin/python3
[0.161s] -- Found geometry_msgs: 0.7.1 (/opt/ros/dashing/share/geometry_msgs/cmake)
[0.167s] -- Found rosidl_adapter: 0.7.10 (/opt/ros/dashing/share/rosidl_adapter/cmake)
[0.190s] -- Found turtlesim: 1.0.3 (/opt/ros/dashing/share/turtlesim/cmake)
[0.199s] -- Found rclcpp: 0.7.16 (/opt/ros/dashing/share/rclcpp/cmake)
[0.204s] -- Found rmw_implementation_cmake: 0.7.2 (/opt/ros/dashing/share/rmw_implementation_cmake/cmake)
[0.205s] -- Using RMW implementation 'rmw_fastrtps_cpp' as default
[0.231s] -- Found ament_lint_auto: 0.7.12 (/opt/ros/dashing/share/ament_lint_auto/cmake)
[0.280s] -- Added test 'copyright' to check for copyright in CMake / C / C++ / Python code
[0.285s] -- Added test 'cppcheck' to perform static code analysis on C / C++ code
[0.285s] -- Configured cppcheck include dirs: 
[0.291s] -- Added test 'cpplint' to check C / C++ code against the Google style
[0.292s] -- Added test 'flake8' to check Python code syntax and style conventions
[0.293s] -- Added test 'lint_cmake' to check CMake code style
[0.294s] -- Added test 'pep257' to check Python code against some of the style conventions in PEP 257
[0.299s] -- Added test 'uncrustify' to check C / C++ code style
[0.300s] -- Added test 'xmllint' to check XML markup files
[0.301s] -- Configuring done
[0.309s] -- Generating done
[0.310s] -- Build files have been written to: /home/yx/code/ros2study/2/src/ntf/build/ntf
[0.326s] [35m[1mScanning dependencies of target ntf_node[0m
[0.346s] [ 50%] [32mBuilding CXX object CMakeFiles/ntf_node.dir/src/ntf.cpp.o[0m
[1.105s] [01m[K/home/yx/code/ros2study/2/src/ntf/src/ntf.cpp:[m[K In function ‘[01m[Kint main(int, char**)[m[K’:
[1.105s] [01m[K/home/yx/code/ros2study/2/src/ntf/src/ntf.cpp:49:35:[m[K [01;35m[Kwarning: [m[K‘[01m[Kvoid rclcpp::Publisher<MessageT, Alloc>::publish(const std::shared_ptr<const _Tp>&) [with MessageT = geometry_msgs::msg::Twist_<std::allocator<void> >; Alloc = std::allocator<void>][m[K’ is deprecated: publishing an unique_ptr is prefered when using intra process communication. If using a shared_ptr, use publish(*msg). [[01;35m[K-Wdeprecated-declarations[m[K]
[1.105s]          cmd_vel_pub->publish(speed[01;35m[K)[m[K;
[1.105s]                                    [01;35m[K^[m[K
[1.105s] In file included from [01m[K/opt/ros/dashing/include/rclcpp/callback_group.hpp:24:0[m[K,
[1.105s]                  from [01m[K/opt/ros/dashing/include/rclcpp/any_executable.hpp:20[m[K,
[1.105s]                  from [01m[K/opt/ros/dashing/include/rclcpp/memory_strategy.hpp:24[m[K,
[1.105s]                  from [01m[K/opt/ros/dashing/include/rclcpp/memory_strategies.hpp:18[m[K,
[1.105s]                  from [01m[K/opt/ros/dashing/include/rclcpp/executor.hpp:33[m[K,
[1.105s]                  from [01m[K/opt/ros/dashing/include/rclcpp/executors/multi_threaded_executor.hpp:24[m[K,
[1.105s]                  from [01m[K/opt/ros/dashing/include/rclcpp/executors.hpp:21[m[K,
[1.105s]                  from [01m[K/opt/ros/dashing/include/rclcpp/rclcpp.hpp:144[m[K,
[1.105s]                  from [01m[K/home/yx/code/ros2study/2/src/ntf/src/ntf.cpp:1[m[K:
[1.105s] [01m[K/opt/ros/dashing/include/rclcpp/publisher.hpp:137:3:[m[K [01;36m[Knote: [m[Kdeclared here
[1.106s]    [01;36m[Kpublish[m[K(const std::shared_ptr<const MessageT> & msg)
[1.106s]    [01;36m[K^~~~~~~[m[K
[2.550s] [100%] [32m[1mLinking CXX executable ntf_node[0m
[2.671s] [100%] Built target ntf_node
[2.679s] Invoked command in '/home/yx/code/ros2study/2/src/ntf/build/ntf' returned '0': CMAKE_PREFIX_PATH=/opt/ros/dashing /usr/bin/cmake --build /home/yx/code/ros2study/2/src/ntf/build/ntf -- -j12 -l12
[2.705s] Invoking command in '/home/yx/code/ros2study/2/src/ntf/build/ntf': CMAKE_PREFIX_PATH=/opt/ros/dashing /usr/bin/cmake --build /home/yx/code/ros2study/2/src/ntf/build/ntf --target install -- -j12 -l12
[2.743s] [100%] Built target ntf_node
[2.757s] [36mInstall the project...[0m
[2.763s] -- Install configuration: ""
[2.763s] -- Installing: /home/yx/code/ros2study/2/src/ntf/install/ntf/share/ament_index/resource_index/package_run_dependencies/ntf
[2.763s] -- Installing: /home/yx/code/ros2study/2/src/ntf/install/ntf/share/ament_index/resource_index/parent_prefix_path/ntf
[2.763s] -- Installing: /home/yx/code/ros2study/2/src/ntf/install/ntf/share/ntf/environment/ament_prefix_path.sh
[2.764s] -- Installing: /home/yx/code/ros2study/2/src/ntf/install/ntf/share/ntf/environment/path.sh
[2.764s] -- Installing: /home/yx/code/ros2study/2/src/ntf/install/ntf/share/ntf/local_setup.bash
[2.764s] -- Installing: /home/yx/code/ros2study/2/src/ntf/install/ntf/share/ntf/local_setup.sh
[2.764s] -- Installing: /home/yx/code/ros2study/2/src/ntf/install/ntf/share/ntf/local_setup.zsh
[2.764s] -- Installing: /home/yx/code/ros2study/2/src/ntf/install/ntf/share/ament_index/resource_index/packages/ntf
[2.764s] -- Installing: /home/yx/code/ros2study/2/src/ntf/install/ntf/share/ntf/cmake/ntfConfig.cmake
[2.764s] -- Installing: /home/yx/code/ros2study/2/src/ntf/install/ntf/share/ntf/cmake/ntfConfig-version.cmake
[2.764s] -- Installing: /home/yx/code/ros2study/2/src/ntf/install/ntf/share/ntf/package.xml
[2.767s] Invoked command in '/home/yx/code/ros2study/2/src/ntf/build/ntf' returned '0': CMAKE_PREFIX_PATH=/opt/ros/dashing /usr/bin/cmake --build /home/yx/code/ros2study/2/src/ntf/build/ntf --target install -- -j12 -l12
