[0.013s] Invoking command in '/home/yx/code/ros2study/2/src/ntf/build/ntf': CMAKE_PREFIX_PATH=${CMAKE_PREFIX_PATH}:/opt/ros/dashing /usr/bin/cmake --build /home/yx/code/ros2study/2/src/ntf/build/ntf -- -j12 -l12
[0.049s] -- Found ament_cmake: 0.7.6 (/opt/ros/dashing/share/ament_cmake/cmake)
[0.065s] -- Using PYTHON_EXECUTABLE: /usr/bin/python3
[0.180s] -- Found geometry_msgs: 0.7.1 (/opt/ros/dashing/share/geometry_msgs/cmake)
[0.186s] -- Found rosidl_adapter: 0.7.10 (/opt/ros/dashing/share/rosidl_adapter/cmake)
[0.207s] -- Found turtlesim: 1.0.3 (/opt/ros/dashing/share/turtlesim/cmake)
[0.216s] -- Found rclcpp: 0.7.16 (/opt/ros/dashing/share/rclcpp/cmake)
[0.221s] -- Found rmw_implementation_cmake: 0.7.2 (/opt/ros/dashing/share/rmw_implementation_cmake/cmake)
[0.222s] -- Using RMW implementation 'rmw_fastrtps_cpp' as default
[0.237s] CMake Error at /opt/ros/dashing/share/ament_cmake_target_dependencies/cmake/ament_target_dependencies.cmake:36 (message):
[0.237s]   ament_target_dependencies() the first argument must be a valid target name
[0.237s] Call Stack (most recent call first):
[0.237s]   CMakeLists.txt:37 (ament_target_dependencies)
[0.237s] 
[0.237s] 
[0.237s] -- Configuring incomplete, errors occurred!
[0.237s] See also "/home/yx/code/ros2study/2/src/ntf/build/ntf/CMakeFiles/CMakeOutput.log".
[0.237s] See also "/home/yx/code/ros2study/2/src/ntf/build/ntf/CMakeFiles/CMakeError.log".
[0.239s] Makefile:252: recipe for target 'cmake_check_build_system' failed
[0.239s] make: *** [cmake_check_build_system] Error 1
[0.241s] Invoked command in '/home/yx/code/ros2study/2/src/ntf/build/ntf' returned '2': CMAKE_PREFIX_PATH=${CMAKE_PREFIX_PATH}:/opt/ros/dashing /usr/bin/cmake --build /home/yx/code/ros2study/2/src/ntf/build/ntf -- -j12 -l12
