[0.190s] DEBUG:colcon:Command line arguments: ['/usr/bin/colcon', 'build']
[0.190s] DEBUG:colcon:Parsed command line arguments: Namespace(allow_overriding=[], ament_cmake_args=None, base_paths=['.'], build_base='build', catkin_cmake_args=None, catkin_skip_building_tests=False, cmake_args=None, cmake_clean_cache=False, cmake_clean_first=False, cmake_force_configure=False, cmake_target=None, cmake_target_skip_unavailable=False, continue_on_error=False, event_handlers=None, executor='parallel', ignore_user_meta=False, install_base='install', log_base=None, log_level=None, main=<bound method BuildVerb.main of <colcon_core.verb.build.BuildVerb object at 0x7f57c07a5240>>, merge_install=False, metas=['./colcon.meta'], packages_above=None, packages_above_and_dependencies=None, packages_above_depth=None, packages_end=None, packages_ignore=None, packages_ignore_regex=None, packages_select=None, packages_select_build_failed=False, packages_select_by_dep=None, packages_select_regex=None, packages_select_test_failures=False, packages_skip=None, packages_skip_build_finished=False, packages_skip_by_dep=None, packages_skip_regex=None, packages_skip_test_passed=False, packages_skip_up_to=None, packages_start=None, packages_up_to=None, packages_up_to_regex=None, parallel_workers=12, paths=None, symlink_install=False, test_result_base=None, verb_extension=<colcon_core.verb.build.BuildVerb object at 0x7f57c07a5240>, verb_name='build', verb_parser=<colcon_defaults.argument_parser.defaults.DefaultArgumentsDecorator object at 0x7f57c07a5588>)
[0.218s] Level 1:colcon.colcon_core.package_discovery:discover_packages(colcon_meta) check parameters
[0.218s] Level 1:colcon.colcon_core.package_discovery:discover_packages(recursive) check parameters
[0.218s] Level 1:colcon.colcon_core.package_discovery:discover_packages(ignore) check parameters
[0.218s] Level 1:colcon.colcon_core.package_discovery:discover_packages(path) check parameters
[0.218s] Level 1:colcon.colcon_core.package_discovery:discover_packages(colcon_meta) discover
[0.218s] Level 1:colcon.colcon_core.package_discovery:discover_packages(recursive) discover
[0.218s] INFO:colcon.colcon_core.package_discovery:Crawling recursively for packages in '/home/yx/code/ros2study/2/src/ntf'
[0.218s] Level 1:colcon.colcon_core.package_identification:_identify(.) by extensions ['ignore', 'ignore_ament_install']
[0.218s] Level 1:colcon.colcon_core.package_identification:_identify(.) by extension 'ignore'
[0.218s] Level 1:colcon.colcon_core.package_identification:_identify(.) by extension 'ignore_ament_install'
[0.218s] Level 1:colcon.colcon_core.package_identification:_identify(.) by extensions ['colcon_pkg']
[0.218s] Level 1:colcon.colcon_core.package_identification:_identify(.) by extension 'colcon_pkg'
[0.218s] Level 1:colcon.colcon_core.package_identification:_identify(.) by extensions ['colcon_meta']
[0.219s] Level 1:colcon.colcon_core.package_identification:_identify(.) by extension 'colcon_meta'
[0.219s] Level 1:colcon.colcon_core.package_identification:_identify(.) by extensions ['ros']
[0.219s] Level 1:colcon.colcon_core.package_identification:_identify(.) by extension 'ros'
[0.228s] DEBUG:colcon.colcon_core.package_identification:Package '.' with type 'ros.ament_cmake' and name 'ntf'
[0.228s] Level 1:colcon.colcon_core.package_discovery:discover_packages(recursive) using defaults
[0.228s] Level 1:colcon.colcon_core.package_discovery:discover_packages(ignore) discover
[0.228s] Level 1:colcon.colcon_core.package_discovery:discover_packages(ignore) using defaults
[0.228s] Level 1:colcon.colcon_core.package_discovery:discover_packages(path) discover
[0.228s] Level 1:colcon.colcon_core.package_discovery:discover_packages(path) using defaults
[0.241s] Level 1:colcon.colcon_core.package_discovery:discover_packages(prefix_path) check parameters
[0.241s] Level 1:colcon.colcon_core.package_discovery:discover_packages(prefix_path) discover
[0.243s] DEBUG:colcon.colcon_installed_package_information.package_discovery:Found 1 installed packages in /home/yx/code/ros2study/2/src/ntf/install
[0.244s] DEBUG:colcon.colcon_installed_package_information.package_discovery:Found 215 installed packages in /opt/ros/dashing
[0.245s] Level 1:colcon.colcon_core.package_discovery:discover_packages(prefix_path) using defaults
[0.281s] Level 5:colcon.colcon_core.verb:set package 'ntf' build argument 'cmake_args' from command line to 'None'
[0.281s] Level 5:colcon.colcon_core.verb:set package 'ntf' build argument 'cmake_target' from command line to 'None'
[0.281s] Level 5:colcon.colcon_core.verb:set package 'ntf' build argument 'cmake_target_skip_unavailable' from command line to 'False'
[0.281s] Level 5:colcon.colcon_core.verb:set package 'ntf' build argument 'cmake_clean_cache' from command line to 'False'
[0.281s] Level 5:colcon.colcon_core.verb:set package 'ntf' build argument 'cmake_clean_first' from command line to 'False'
[0.281s] Level 5:colcon.colcon_core.verb:set package 'ntf' build argument 'cmake_force_configure' from command line to 'False'
[0.282s] Level 5:colcon.colcon_core.verb:set package 'ntf' build argument 'ament_cmake_args' from command line to 'None'
[0.282s] Level 5:colcon.colcon_core.verb:set package 'ntf' build argument 'catkin_cmake_args' from command line to 'None'
[0.282s] Level 5:colcon.colcon_core.verb:set package 'ntf' build argument 'catkin_skip_building_tests' from command line to 'False'
[0.282s] DEBUG:colcon.colcon_core.verb:Building package 'ntf' with the following arguments: {'ament_cmake_args': None, 'build_base': '/home/yx/code/ros2study/2/src/ntf/build/ntf', 'catkin_cmake_args': None, 'catkin_skip_building_tests': False, 'cmake_args': None, 'cmake_clean_cache': False, 'cmake_clean_first': False, 'cmake_force_configure': False, 'cmake_target': None, 'cmake_target_skip_unavailable': False, 'install_base': '/home/yx/code/ros2study/2/src/ntf/install/ntf', 'merge_install': False, 'path': '/home/yx/code/ros2study/2/src/ntf', 'symlink_install': False, 'test_result_base': None}
[0.282s] INFO:colcon.colcon_core.executor:Executing jobs using 'parallel' executor
[0.285s] DEBUG:colcon.colcon_parallel_executor.executor.parallel:run_until_complete
[0.285s] INFO:colcon.colcon_ros.task.ament_cmake.build:Building ROS package in '/home/yx/code/ros2study/2/src/ntf' with build type 'ament_cmake'
[0.285s] INFO:colcon.colcon_cmake.task.cmake.build:Building CMake package in '/home/yx/code/ros2study/2/src/ntf'
[0.288s] INFO:colcon.colcon_core.plugin_system:Skipping extension 'colcon_core.shell.bat': Not used on non-Windows systems
[0.288s] INFO:colcon.colcon_core.shell:Skip shell extension 'powershell' for command environment: Not usable outside of PowerShell
[0.288s] DEBUG:colcon.colcon_core.shell:Skip shell extension 'dsv' for command environment
[0.299s] DEBUG:colcon.colcon_core.event_handler.log_command:Invoking command in '/home/yx/code/ros2study/2/src/ntf/build/ntf': CMAKE_PREFIX_PATH=${CMAKE_PREFIX_PATH}:/opt/ros/dashing /usr/bin/cmake --build /home/yx/code/ros2study/2/src/ntf/build/ntf -- -j12 -l12
[0.351s] DEBUG:colcon.colcon_core.event_handler.log_command:Invoked command in '/home/yx/code/ros2study/2/src/ntf/build/ntf' returned '0': CMAKE_PREFIX_PATH=${CMAKE_PREFIX_PATH}:/opt/ros/dashing /usr/bin/cmake --build /home/yx/code/ros2study/2/src/ntf/build/ntf -- -j12 -l12
[0.377s] DEBUG:colcon.colcon_core.event_handler.log_command:Invoking command in '/home/yx/code/ros2study/2/src/ntf/build/ntf': CMAKE_PREFIX_PATH=${CMAKE_PREFIX_PATH}:/opt/ros/dashing /usr/bin/cmake --build /home/yx/code/ros2study/2/src/ntf/build/ntf --target install -- -j12 -l12
[0.444s] Level 1:colcon.colcon_core.environment:create_environment_scripts_only(ntf)
[0.444s] DEBUG:colcon.colcon_core.event_handler.log_command:Invoked command in '/home/yx/code/ros2study/2/src/ntf/build/ntf' returned '0': CMAKE_PREFIX_PATH=${CMAKE_PREFIX_PATH}:/opt/ros/dashing /usr/bin/cmake --build /home/yx/code/ros2study/2/src/ntf/build/ntf --target install -- -j12 -l12
[0.448s] Level 1:colcon.colcon_core.environment:checking '/home/yx/code/ros2study/2/src/ntf/install/ntf' for CMake module files
[0.449s] Level 1:colcon.colcon_core.environment:checking '/home/yx/code/ros2study/2/src/ntf/install/ntf' for CMake config files
[0.449s] Level 1:colcon.colcon_core.shell:create_environment_hook('ntf', 'cmake_prefix_path')
[0.450s] INFO:colcon.colcon_core.shell:Creating environment hook '/home/yx/code/ros2study/2/src/ntf/install/ntf/share/ntf/hook/cmake_prefix_path.ps1'
[0.450s] INFO:colcon.colcon_core.shell:Creating environment descriptor '/home/yx/code/ros2study/2/src/ntf/install/ntf/share/ntf/hook/cmake_prefix_path.dsv'
[0.451s] INFO:colcon.colcon_core.shell:Creating environment hook '/home/yx/code/ros2study/2/src/ntf/install/ntf/share/ntf/hook/cmake_prefix_path.sh'
[0.452s] Level 1:colcon.colcon_core.environment:checking '/home/yx/code/ros2study/2/src/ntf/install/ntf/lib'
[0.452s] Level 1:colcon.colcon_core.environment:checking '/home/yx/code/ros2study/2/src/ntf/install/ntf/bin'
[0.452s] Level 1:colcon.colcon_core.environment:checking '/home/yx/code/ros2study/2/src/ntf/install/ntf/lib/pkgconfig/ntf.pc'
[0.452s] Level 1:colcon.colcon_core.environment:checking '/home/yx/code/ros2study/2/src/ntf/install/ntf/lib/python3.6/site-packages'
[0.452s] Level 1:colcon.colcon_core.environment:checking '/home/yx/code/ros2study/2/src/ntf/install/ntf/bin'
[0.453s] INFO:colcon.colcon_core.shell:Creating package script '/home/yx/code/ros2study/2/src/ntf/install/ntf/share/ntf/package.ps1'
[0.454s] INFO:colcon.colcon_core.shell:Creating package descriptor '/home/yx/code/ros2study/2/src/ntf/install/ntf/share/ntf/package.dsv'
[0.454s] INFO:colcon.colcon_core.shell:Creating package script '/home/yx/code/ros2study/2/src/ntf/install/ntf/share/ntf/package.sh'
[0.455s] INFO:colcon.colcon_core.shell:Creating package script '/home/yx/code/ros2study/2/src/ntf/install/ntf/share/ntf/package.bash'
[0.455s] INFO:colcon.colcon_core.shell:Creating package script '/home/yx/code/ros2study/2/src/ntf/install/ntf/share/ntf/package.zsh'
[0.456s] Level 1:colcon.colcon_core.environment:create_file_with_runtime_dependencies(/home/yx/code/ros2study/2/src/ntf/install/ntf/share/colcon-core/packages/ntf)
[0.476s] Level 1:colcon.colcon_core.environment:create_environment_scripts_only(ntf)
[0.477s] Level 1:colcon.colcon_core.environment:checking '/home/yx/code/ros2study/2/src/ntf/install/ntf' for CMake module files
[0.478s] Level 1:colcon.colcon_core.environment:checking '/home/yx/code/ros2study/2/src/ntf/install/ntf' for CMake config files
[0.478s] Level 1:colcon.colcon_core.shell:create_environment_hook('ntf', 'cmake_prefix_path')
[0.479s] INFO:colcon.colcon_core.shell:Creating environment hook '/home/yx/code/ros2study/2/src/ntf/install/ntf/share/ntf/hook/cmake_prefix_path.ps1'
[0.479s] INFO:colcon.colcon_core.shell:Creating environment descriptor '/home/yx/code/ros2study/2/src/ntf/install/ntf/share/ntf/hook/cmake_prefix_path.dsv'
[0.480s] INFO:colcon.colcon_core.shell:Creating environment hook '/home/yx/code/ros2study/2/src/ntf/install/ntf/share/ntf/hook/cmake_prefix_path.sh'
[0.480s] Level 1:colcon.colcon_core.environment:checking '/home/yx/code/ros2study/2/src/ntf/install/ntf/lib'
[0.480s] Level 1:colcon.colcon_core.environment:checking '/home/yx/code/ros2study/2/src/ntf/install/ntf/bin'
[0.480s] Level 1:colcon.colcon_core.environment:checking '/home/yx/code/ros2study/2/src/ntf/install/ntf/lib/pkgconfig/ntf.pc'
[0.481s] Level 1:colcon.colcon_core.environment:checking '/home/yx/code/ros2study/2/src/ntf/install/ntf/lib/python3.6/site-packages'
[0.481s] Level 1:colcon.colcon_core.environment:checking '/home/yx/code/ros2study/2/src/ntf/install/ntf/bin'
[0.482s] INFO:colcon.colcon_core.shell:Creating package script '/home/yx/code/ros2study/2/src/ntf/install/ntf/share/ntf/package.ps1'
[0.482s] INFO:colcon.colcon_core.shell:Creating package descriptor '/home/yx/code/ros2study/2/src/ntf/install/ntf/share/ntf/package.dsv'
[0.482s] INFO:colcon.colcon_core.shell:Creating package script '/home/yx/code/ros2study/2/src/ntf/install/ntf/share/ntf/package.sh'
[0.483s] INFO:colcon.colcon_core.shell:Creating package script '/home/yx/code/ros2study/2/src/ntf/install/ntf/share/ntf/package.bash'
[0.483s] INFO:colcon.colcon_core.shell:Creating package script '/home/yx/code/ros2study/2/src/ntf/install/ntf/share/ntf/package.zsh'
[0.484s] Level 1:colcon.colcon_core.environment:create_file_with_runtime_dependencies(/home/yx/code/ros2study/2/src/ntf/install/ntf/share/colcon-core/packages/ntf)
[0.484s] DEBUG:colcon.colcon_parallel_executor.executor.parallel:closing loop
[0.485s] DEBUG:colcon.colcon_parallel_executor.executor.parallel:loop closed
[0.485s] DEBUG:colcon.colcon_parallel_executor.executor.parallel:run_until_complete finished with '0'
[0.485s] DEBUG:colcon.colcon_core.event_reactor:joining thread
[0.489s] INFO:colcon.colcon_core.plugin_system:Skipping extension 'colcon_notification.desktop_notification.terminal_notifier': Not used on non-Darwin systems
[0.489s] INFO:colcon.colcon_core.plugin_system:Skipping extension 'colcon_notification.desktop_notification.win32': Not used on non-Windows systems
[0.489s] INFO:colcon.colcon_notification.desktop_notification:Sending desktop notification using 'notify2'
[0.492s] DEBUG:colcon.colcon_core.event_reactor:joined thread
[0.493s] INFO:colcon.colcon_core.shell:Creating prefix script '/home/yx/code/ros2study/2/src/ntf/install/local_setup.ps1'
[0.493s] INFO:colcon.colcon_core.shell:Creating prefix util module '/home/yx/code/ros2study/2/src/ntf/install/_local_setup_util_ps1.py'
[0.495s] INFO:colcon.colcon_core.shell:Creating prefix chain script '/home/yx/code/ros2study/2/src/ntf/install/setup.ps1'
[0.496s] INFO:colcon.colcon_core.shell:Creating prefix script '/home/yx/code/ros2study/2/src/ntf/install/local_setup.sh'
[0.496s] INFO:colcon.colcon_core.shell:Creating prefix util module '/home/yx/code/ros2study/2/src/ntf/install/_local_setup_util_sh.py'
[0.497s] INFO:colcon.colcon_core.shell:Creating prefix chain script '/home/yx/code/ros2study/2/src/ntf/install/setup.sh'
[0.498s] INFO:colcon.colcon_core.shell:Creating prefix script '/home/yx/code/ros2study/2/src/ntf/install/local_setup.bash'
[0.498s] INFO:colcon.colcon_core.shell:Creating prefix chain script '/home/yx/code/ros2study/2/src/ntf/install/setup.bash'
[0.500s] INFO:colcon.colcon_core.shell:Creating prefix script '/home/yx/code/ros2study/2/src/ntf/install/local_setup.zsh'
[0.500s] INFO:colcon.colcon_core.shell:Creating prefix chain script '/home/yx/code/ros2study/2/src/ntf/install/setup.zsh'
