[0.214s] DEBUG:colcon:Command line arguments: ['/usr/bin/colcon', 'build']
[0.214s] DEBUG:colcon:Parsed command line arguments: Namespace(allow_overriding=[], ament_cmake_args=None, base_paths=['.'], build_base='build', catkin_cmake_args=None, catkin_skip_building_tests=False, cmake_args=None, cmake_clean_cache=False, cmake_clean_first=False, cmake_force_configure=False, cmake_target=None, cmake_target_skip_unavailable=False, continue_on_error=False, event_handlers=None, executor='parallel', ignore_user_meta=False, install_base='install', log_base=None, log_level=None, main=<bound method BuildVerb.main of <colcon_core.verb.build.BuildVerb object at 0x7f11752eb278>>, merge_install=False, metas=['./colcon.meta'], packages_above=None, packages_above_and_dependencies=None, packages_above_depth=None, packages_end=None, packages_ignore=None, packages_ignore_regex=None, packages_select=None, packages_select_build_failed=False, packages_select_by_dep=None, packages_select_regex=None, packages_select_test_failures=False, packages_skip=None, packages_skip_build_finished=False, packages_skip_by_dep=None, packages_skip_regex=None, packages_skip_test_passed=False, packages_skip_up_to=None, packages_start=None, packages_up_to=None, packages_up_to_regex=None, parallel_workers=12, paths=None, symlink_install=False, test_result_base=None, verb_extension=<colcon_core.verb.build.BuildVerb object at 0x7f11752eb278>, verb_name='build', verb_parser=<colcon_defaults.argument_parser.defaults.DefaultArgumentsDecorator object at 0x7f11752eb5c0>)
[0.239s] Level 1:colcon.colcon_core.package_discovery:discover_packages(colcon_meta) check parameters
[0.239s] Level 1:colcon.colcon_core.package_discovery:discover_packages(recursive) check parameters
[0.239s] Level 1:colcon.colcon_core.package_discovery:discover_packages(ignore) check parameters
[0.239s] Level 1:colcon.colcon_core.package_discovery:discover_packages(path) check parameters
[0.239s] Level 1:colcon.colcon_core.package_discovery:discover_packages(colcon_meta) discover
[0.240s] Level 1:colcon.colcon_core.package_discovery:discover_packages(recursive) discover
[0.240s] INFO:colcon.colcon_core.package_discovery:Crawling recursively for packages in '/home/yx/code/ros2study/2/src/tf'
[0.240s] Level 1:colcon.colcon_core.package_identification:_identify(.) by extensions ['ignore', 'ignore_ament_install']
[0.240s] Level 1:colcon.colcon_core.package_identification:_identify(.) by extension 'ignore'
[0.240s] Level 1:colcon.colcon_core.package_identification:_identify(.) by extension 'ignore_ament_install'
[0.240s] Level 1:colcon.colcon_core.package_identification:_identify(.) by extensions ['colcon_pkg']
[0.240s] Level 1:colcon.colcon_core.package_identification:_identify(.) by extension 'colcon_pkg'
[0.240s] Level 1:colcon.colcon_core.package_identification:_identify(.) by extensions ['colcon_meta']
[0.240s] Level 1:colcon.colcon_core.package_identification:_identify(.) by extension 'colcon_meta'
[0.240s] Level 1:colcon.colcon_core.package_identification:_identify(.) by extensions ['ros']
[0.240s] Level 1:colcon.colcon_core.package_identification:_identify(.) by extension 'ros'
[0.249s] DEBUG:colcon.colcon_core.package_identification:Package '.' with type 'ros.ament_cmake' and name 'tf'
[0.249s] Level 1:colcon.colcon_core.package_discovery:discover_packages(recursive) using defaults
[0.249s] Level 1:colcon.colcon_core.package_discovery:discover_packages(ignore) discover
[0.249s] Level 1:colcon.colcon_core.package_discovery:discover_packages(ignore) using defaults
[0.249s] Level 1:colcon.colcon_core.package_discovery:discover_packages(path) discover
[0.249s] Level 1:colcon.colcon_core.package_discovery:discover_packages(path) using defaults
[0.264s] Level 1:colcon.colcon_core.package_discovery:discover_packages(prefix_path) check parameters
[0.264s] Level 1:colcon.colcon_core.package_discovery:discover_packages(prefix_path) discover
[0.266s] DEBUG:colcon.colcon_installed_package_information.package_discovery:Found 1 installed packages in /home/yx/code/ros2study/2/src/ntf/install
[0.267s] DEBUG:colcon.colcon_installed_package_information.package_discovery:Found 215 installed packages in /opt/ros/dashing
[0.267s] Level 1:colcon.colcon_core.package_discovery:discover_packages(prefix_path) using defaults
[0.307s] Level 5:colcon.colcon_core.verb:set package 'tf' build argument 'cmake_args' from command line to 'None'
[0.307s] Level 5:colcon.colcon_core.verb:set package 'tf' build argument 'cmake_target' from command line to 'None'
[0.307s] Level 5:colcon.colcon_core.verb:set package 'tf' build argument 'cmake_target_skip_unavailable' from command line to 'False'
[0.308s] Level 5:colcon.colcon_core.verb:set package 'tf' build argument 'cmake_clean_cache' from command line to 'False'
[0.308s] Level 5:colcon.colcon_core.verb:set package 'tf' build argument 'cmake_clean_first' from command line to 'False'
[0.308s] Level 5:colcon.colcon_core.verb:set package 'tf' build argument 'cmake_force_configure' from command line to 'False'
[0.308s] Level 5:colcon.colcon_core.verb:set package 'tf' build argument 'ament_cmake_args' from command line to 'None'
[0.308s] Level 5:colcon.colcon_core.verb:set package 'tf' build argument 'catkin_cmake_args' from command line to 'None'
[0.308s] Level 5:colcon.colcon_core.verb:set package 'tf' build argument 'catkin_skip_building_tests' from command line to 'False'
[0.308s] DEBUG:colcon.colcon_core.verb:Building package 'tf' with the following arguments: {'ament_cmake_args': None, 'build_base': '/home/yx/code/ros2study/2/src/tf/build/tf', 'catkin_cmake_args': None, 'catkin_skip_building_tests': False, 'cmake_args': None, 'cmake_clean_cache': False, 'cmake_clean_first': False, 'cmake_force_configure': False, 'cmake_target': None, 'cmake_target_skip_unavailable': False, 'install_base': '/home/yx/code/ros2study/2/src/tf/install/tf', 'merge_install': False, 'path': '/home/yx/code/ros2study/2/src/tf', 'symlink_install': False, 'test_result_base': None}
[0.308s] INFO:colcon.colcon_core.executor:Executing jobs using 'parallel' executor
[0.310s] DEBUG:colcon.colcon_parallel_executor.executor.parallel:run_until_complete
[0.311s] INFO:colcon.colcon_ros.task.ament_cmake.build:Building ROS package in '/home/yx/code/ros2study/2/src/tf' with build type 'ament_cmake'
[0.311s] INFO:colcon.colcon_cmake.task.cmake.build:Building CMake package in '/home/yx/code/ros2study/2/src/tf'
[0.314s] INFO:colcon.colcon_core.plugin_system:Skipping extension 'colcon_core.shell.bat': Not used on non-Windows systems
[0.314s] INFO:colcon.colcon_core.shell:Skip shell extension 'powershell' for command environment: Not usable outside of PowerShell
[0.314s] DEBUG:colcon.colcon_core.shell:Skip shell extension 'dsv' for command environment
[0.322s] DEBUG:colcon.colcon_core.event_handler.log_command:Invoking command in '/home/yx/code/ros2study/2/src/tf/build/tf': CMAKE_PREFIX_PATH=${CMAKE_PREFIX_PATH}:/opt/ros/dashing /usr/bin/cmake /home/yx/code/ros2study/2/src/tf -DCMAKE_INSTALL_PREFIX=/home/yx/code/ros2study/2/src/tf/install/tf
[1.708s] DEBUG:colcon.colcon_core.event_handler.log_command:Invoked command in '/home/yx/code/ros2study/2/src/tf/build/tf' returned '0': CMAKE_PREFIX_PATH=${CMAKE_PREFIX_PATH}:/opt/ros/dashing /usr/bin/cmake /home/yx/code/ros2study/2/src/tf -DCMAKE_INSTALL_PREFIX=/home/yx/code/ros2study/2/src/tf/install/tf
[1.711s] DEBUG:colcon.colcon_core.event_handler.log_command:Invoking command in '/home/yx/code/ros2study/2/src/tf/build/tf': CMAKE_PREFIX_PATH=${CMAKE_PREFIX_PATH}:/opt/ros/dashing /usr/bin/cmake --build /home/yx/code/ros2study/2/src/tf/build/tf -- -j12 -l12
[11.350s] DEBUG:colcon.colcon_core.event_handler.log_command:Invoked command in '/home/yx/code/ros2study/2/src/tf/build/tf' returned '0': CMAKE_PREFIX_PATH=${CMAKE_PREFIX_PATH}:/opt/ros/dashing /usr/bin/cmake --build /home/yx/code/ros2study/2/src/tf/build/tf -- -j12 -l12
[11.376s] DEBUG:colcon.colcon_core.event_handler.log_command:Invoking command in '/home/yx/code/ros2study/2/src/tf/build/tf': CMAKE_PREFIX_PATH=${CMAKE_PREFIX_PATH}:/opt/ros/dashing /usr/bin/cmake --build /home/yx/code/ros2study/2/src/tf/build/tf --target install -- -j12 -l12
[11.438s] Level 1:colcon.colcon_core.environment:create_environment_scripts_only(tf)
[11.440s] DEBUG:colcon.colcon_core.event_handler.log_command:Invoked command in '/home/yx/code/ros2study/2/src/tf/build/tf' returned '0': CMAKE_PREFIX_PATH=${CMAKE_PREFIX_PATH}:/opt/ros/dashing /usr/bin/cmake --build /home/yx/code/ros2study/2/src/tf/build/tf --target install -- -j12 -l12
[11.443s] Level 1:colcon.colcon_core.environment:checking '/home/yx/code/ros2study/2/src/tf/install/tf' for CMake module files
[11.443s] Level 1:colcon.colcon_core.environment:checking '/home/yx/code/ros2study/2/src/tf/install/tf' for CMake config files
[11.443s] Level 1:colcon.colcon_core.shell:create_environment_hook('tf', 'cmake_prefix_path')
[11.444s] INFO:colcon.colcon_core.shell:Creating environment hook '/home/yx/code/ros2study/2/src/tf/install/tf/share/tf/hook/cmake_prefix_path.ps1'
[11.445s] INFO:colcon.colcon_core.shell:Creating environment descriptor '/home/yx/code/ros2study/2/src/tf/install/tf/share/tf/hook/cmake_prefix_path.dsv'
[11.445s] INFO:colcon.colcon_core.shell:Creating environment hook '/home/yx/code/ros2study/2/src/tf/install/tf/share/tf/hook/cmake_prefix_path.sh'
[11.446s] Level 1:colcon.colcon_core.environment:checking '/home/yx/code/ros2study/2/src/tf/install/tf/lib'
[11.446s] Level 1:colcon.colcon_core.environment:checking '/home/yx/code/ros2study/2/src/tf/install/tf/bin'
[11.446s] Level 1:colcon.colcon_core.environment:checking '/home/yx/code/ros2study/2/src/tf/install/tf/lib/pkgconfig/tf.pc'
[11.447s] Level 1:colcon.colcon_core.environment:checking '/home/yx/code/ros2study/2/src/tf/install/tf/lib/python3.6/site-packages'
[11.447s] Level 1:colcon.colcon_core.environment:checking '/home/yx/code/ros2study/2/src/tf/install/tf/bin'
[11.447s] INFO:colcon.colcon_core.shell:Creating package script '/home/yx/code/ros2study/2/src/tf/install/tf/share/tf/package.ps1'
[11.448s] INFO:colcon.colcon_core.shell:Creating package descriptor '/home/yx/code/ros2study/2/src/tf/install/tf/share/tf/package.dsv'
[11.448s] INFO:colcon.colcon_core.shell:Creating package script '/home/yx/code/ros2study/2/src/tf/install/tf/share/tf/package.sh'
[11.449s] INFO:colcon.colcon_core.shell:Creating package script '/home/yx/code/ros2study/2/src/tf/install/tf/share/tf/package.bash'
[11.450s] INFO:colcon.colcon_core.shell:Creating package script '/home/yx/code/ros2study/2/src/tf/install/tf/share/tf/package.zsh'
[11.450s] Level 1:colcon.colcon_core.environment:create_file_with_runtime_dependencies(/home/yx/code/ros2study/2/src/tf/install/tf/share/colcon-core/packages/tf)
[11.469s] Level 1:colcon.colcon_core.environment:create_environment_scripts_only(tf)
[11.471s] Level 1:colcon.colcon_core.environment:checking '/home/yx/code/ros2study/2/src/tf/install/tf' for CMake module files
[11.471s] Level 1:colcon.colcon_core.environment:checking '/home/yx/code/ros2study/2/src/tf/install/tf' for CMake config files
[11.471s] Level 1:colcon.colcon_core.shell:create_environment_hook('tf', 'cmake_prefix_path')
[11.472s] INFO:colcon.colcon_core.shell:Creating environment hook '/home/yx/code/ros2study/2/src/tf/install/tf/share/tf/hook/cmake_prefix_path.ps1'
[11.473s] INFO:colcon.colcon_core.shell:Creating environment descriptor '/home/yx/code/ros2study/2/src/tf/install/tf/share/tf/hook/cmake_prefix_path.dsv'
[11.473s] INFO:colcon.colcon_core.shell:Creating environment hook '/home/yx/code/ros2study/2/src/tf/install/tf/share/tf/hook/cmake_prefix_path.sh'
[11.474s] Level 1:colcon.colcon_core.environment:checking '/home/yx/code/ros2study/2/src/tf/install/tf/lib'
[11.474s] Level 1:colcon.colcon_core.environment:checking '/home/yx/code/ros2study/2/src/tf/install/tf/bin'
[11.474s] Level 1:colcon.colcon_core.environment:checking '/home/yx/code/ros2study/2/src/tf/install/tf/lib/pkgconfig/tf.pc'
[11.474s] Level 1:colcon.colcon_core.environment:checking '/home/yx/code/ros2study/2/src/tf/install/tf/lib/python3.6/site-packages'
[11.474s] Level 1:colcon.colcon_core.environment:checking '/home/yx/code/ros2study/2/src/tf/install/tf/bin'
[11.475s] INFO:colcon.colcon_core.shell:Creating package script '/home/yx/code/ros2study/2/src/tf/install/tf/share/tf/package.ps1'
[11.475s] INFO:colcon.colcon_core.shell:Creating package descriptor '/home/yx/code/ros2study/2/src/tf/install/tf/share/tf/package.dsv'
[11.476s] INFO:colcon.colcon_core.shell:Creating package script '/home/yx/code/ros2study/2/src/tf/install/tf/share/tf/package.sh'
[11.476s] INFO:colcon.colcon_core.shell:Creating package script '/home/yx/code/ros2study/2/src/tf/install/tf/share/tf/package.bash'
[11.477s] INFO:colcon.colcon_core.shell:Creating package script '/home/yx/code/ros2study/2/src/tf/install/tf/share/tf/package.zsh'
[11.477s] Level 1:colcon.colcon_core.environment:create_file_with_runtime_dependencies(/home/yx/code/ros2study/2/src/tf/install/tf/share/colcon-core/packages/tf)
[11.477s] DEBUG:colcon.colcon_parallel_executor.executor.parallel:closing loop
[11.478s] DEBUG:colcon.colcon_parallel_executor.executor.parallel:loop closed
[11.478s] DEBUG:colcon.colcon_parallel_executor.executor.parallel:run_until_complete finished with '0'
[11.478s] DEBUG:colcon.colcon_core.event_reactor:joining thread
[11.485s] INFO:colcon.colcon_core.plugin_system:Skipping extension 'colcon_notification.desktop_notification.terminal_notifier': Not used on non-Darwin systems
[11.485s] INFO:colcon.colcon_core.plugin_system:Skipping extension 'colcon_notification.desktop_notification.win32': Not used on non-Windows systems
[11.485s] INFO:colcon.colcon_notification.desktop_notification:Sending desktop notification using 'notify2'
[11.488s] DEBUG:colcon.colcon_core.event_reactor:joined thread
[11.489s] INFO:colcon.colcon_core.shell:Creating prefix script '/home/yx/code/ros2study/2/src/tf/install/local_setup.ps1'
[11.490s] INFO:colcon.colcon_core.shell:Creating prefix util module '/home/yx/code/ros2study/2/src/tf/install/_local_setup_util_ps1.py'
[11.491s] INFO:colcon.colcon_core.shell:Creating prefix chain script '/home/yx/code/ros2study/2/src/tf/install/setup.ps1'
[11.492s] INFO:colcon.colcon_core.shell:Creating prefix script '/home/yx/code/ros2study/2/src/tf/install/local_setup.sh'
[11.492s] INFO:colcon.colcon_core.shell:Creating prefix util module '/home/yx/code/ros2study/2/src/tf/install/_local_setup_util_sh.py'
[11.493s] INFO:colcon.colcon_core.shell:Creating prefix chain script '/home/yx/code/ros2study/2/src/tf/install/setup.sh'
[11.494s] INFO:colcon.colcon_core.shell:Creating prefix script '/home/yx/code/ros2study/2/src/tf/install/local_setup.bash'
[11.494s] INFO:colcon.colcon_core.shell:Creating prefix chain script '/home/yx/code/ros2study/2/src/tf/install/setup.bash'
[11.495s] INFO:colcon.colcon_core.shell:Creating prefix script '/home/yx/code/ros2study/2/src/tf/install/local_setup.zsh'
[11.495s] INFO:colcon.colcon_core.shell:Creating prefix chain script '/home/yx/code/ros2study/2/src/tf/install/setup.zsh'
