[0.183s] DEBUG:colcon:Command line arguments: ['/usr/bin/colcon', 'build']
[0.183s] DEBUG:colcon:Parsed command line arguments: Namespace(allow_overriding=[], ament_cmake_args=None, base_paths=['.'], build_base='build', catkin_cmake_args=None, catkin_skip_building_tests=False, cmake_args=None, cmake_clean_cache=False, cmake_clean_first=False, cmake_force_configure=False, cmake_target=None, cmake_target_skip_unavailable=False, continue_on_error=False, event_handlers=None, executor='parallel', ignore_user_meta=False, install_base='install', log_base=None, log_level=None, main=<bound method BuildVerb.main of <colcon_core.verb.build.BuildVerb object at 0x7fdc970c3240>>, merge_install=False, metas=['./colcon.meta'], packages_above=None, packages_above_and_dependencies=None, packages_above_depth=None, packages_end=None, packages_ignore=None, packages_ignore_regex=None, packages_select=None, packages_select_build_failed=False, packages_select_by_dep=None, packages_select_regex=None, packages_select_test_failures=False, packages_skip=None, packages_skip_build_finished=False, packages_skip_by_dep=None, packages_skip_regex=None, packages_skip_test_passed=False, packages_skip_up_to=None, packages_start=None, packages_up_to=None, packages_up_to_regex=None, parallel_workers=12, paths=None, symlink_install=False, test_result_base=None, verb_extension=<colcon_core.verb.build.BuildVerb object at 0x7fdc970c3240>, verb_name='build', verb_parser=<colcon_defaults.argument_parser.defaults.DefaultArgumentsDecorator object at 0x7fdc970c3588>)
[0.206s] Level 1:colcon.colcon_core.package_discovery:discover_packages(colcon_meta) check parameters
[0.207s] Level 1:colcon.colcon_core.package_discovery:discover_packages(recursive) check parameters
[0.207s] Level 1:colcon.colcon_core.package_discovery:discover_packages(ignore) check parameters
[0.207s] Level 1:colcon.colcon_core.package_discovery:discover_packages(path) check parameters
[0.207s] Level 1:colcon.colcon_core.package_discovery:discover_packages(colcon_meta) discover
[0.207s] Level 1:colcon.colcon_core.package_discovery:discover_packages(recursive) discover
[0.207s] INFO:colcon.colcon_core.package_discovery:Crawling recursively for packages in '/home/yx/code/ros2study/2/src/tf'
[0.207s] Level 1:colcon.colcon_core.package_identification:_identify(.) by extensions ['ignore', 'ignore_ament_install']
[0.207s] Level 1:colcon.colcon_core.package_identification:_identify(.) by extension 'ignore'
[0.207s] Level 1:colcon.colcon_core.package_identification:_identify(.) by extension 'ignore_ament_install'
[0.207s] Level 1:colcon.colcon_core.package_identification:_identify(.) by extensions ['colcon_pkg']
[0.207s] Level 1:colcon.colcon_core.package_identification:_identify(.) by extension 'colcon_pkg'
[0.207s] Level 1:colcon.colcon_core.package_identification:_identify(.) by extensions ['colcon_meta']
[0.207s] Level 1:colcon.colcon_core.package_identification:_identify(.) by extension 'colcon_meta'
[0.207s] Level 1:colcon.colcon_core.package_identification:_identify(.) by extensions ['ros']
[0.207s] Level 1:colcon.colcon_core.package_identification:_identify(.) by extension 'ros'
[0.216s] DEBUG:colcon.colcon_core.package_identification:Package '.' with type 'ros.ament_cmake' and name 'tf'
[0.216s] Level 1:colcon.colcon_core.package_discovery:discover_packages(recursive) using defaults
[0.216s] Level 1:colcon.colcon_core.package_discovery:discover_packages(ignore) discover
[0.216s] Level 1:colcon.colcon_core.package_discovery:discover_packages(ignore) using defaults
[0.216s] Level 1:colcon.colcon_core.package_discovery:discover_packages(path) discover
[0.216s] Level 1:colcon.colcon_core.package_discovery:discover_packages(path) using defaults
[0.229s] Level 1:colcon.colcon_core.package_discovery:discover_packages(prefix_path) check parameters
[0.229s] Level 1:colcon.colcon_core.package_discovery:discover_packages(prefix_path) discover
[0.231s] DEBUG:colcon.colcon_installed_package_information.package_discovery:Found 1 installed packages in /home/yx/code/ros2study/2/src/tf/install
[0.231s] DEBUG:colcon.colcon_installed_package_information.package_discovery:Found 1 installed packages in /home/yx/code/ros2study/2/src/ntf/install
[0.232s] DEBUG:colcon.colcon_installed_package_information.package_discovery:Found 215 installed packages in /opt/ros/dashing
[0.233s] Level 1:colcon.colcon_core.package_discovery:discover_packages(prefix_path) using defaults
[0.268s] Level 5:colcon.colcon_core.verb:set package 'tf' build argument 'cmake_args' from command line to 'None'
[0.268s] Level 5:colcon.colcon_core.verb:set package 'tf' build argument 'cmake_target' from command line to 'None'
[0.268s] Level 5:colcon.colcon_core.verb:set package 'tf' build argument 'cmake_target_skip_unavailable' from command line to 'False'
[0.268s] Level 5:colcon.colcon_core.verb:set package 'tf' build argument 'cmake_clean_cache' from command line to 'False'
[0.268s] Level 5:colcon.colcon_core.verb:set package 'tf' build argument 'cmake_clean_first' from command line to 'False'
[0.268s] Level 5:colcon.colcon_core.verb:set package 'tf' build argument 'cmake_force_configure' from command line to 'False'
[0.268s] Level 5:colcon.colcon_core.verb:set package 'tf' build argument 'ament_cmake_args' from command line to 'None'
[0.268s] Level 5:colcon.colcon_core.verb:set package 'tf' build argument 'catkin_cmake_args' from command line to 'None'
[0.268s] Level 5:colcon.colcon_core.verb:set package 'tf' build argument 'catkin_skip_building_tests' from command line to 'False'
[0.268s] DEBUG:colcon.colcon_core.verb:Building package 'tf' with the following arguments: {'ament_cmake_args': None, 'build_base': '/home/yx/code/ros2study/2/src/tf/build/tf', 'catkin_cmake_args': None, 'catkin_skip_building_tests': False, 'cmake_args': None, 'cmake_clean_cache': False, 'cmake_clean_first': False, 'cmake_force_configure': False, 'cmake_target': None, 'cmake_target_skip_unavailable': False, 'install_base': '/home/yx/code/ros2study/2/src/tf/install/tf', 'merge_install': False, 'path': '/home/yx/code/ros2study/2/src/tf', 'symlink_install': False, 'test_result_base': None}
[0.269s] INFO:colcon.colcon_core.executor:Executing jobs using 'parallel' executor
[0.271s] DEBUG:colcon.colcon_parallel_executor.executor.parallel:run_until_complete
[0.271s] INFO:colcon.colcon_ros.task.ament_cmake.build:Building ROS package in '/home/yx/code/ros2study/2/src/tf' with build type 'ament_cmake'
[0.271s] INFO:colcon.colcon_cmake.task.cmake.build:Building CMake package in '/home/yx/code/ros2study/2/src/tf'
[0.274s] INFO:colcon.colcon_core.plugin_system:Skipping extension 'colcon_core.shell.bat': Not used on non-Windows systems
[0.275s] INFO:colcon.colcon_core.shell:Skip shell extension 'powershell' for command environment: Not usable outside of PowerShell
[0.275s] DEBUG:colcon.colcon_core.shell:Skip shell extension 'dsv' for command environment
[0.285s] DEBUG:colcon.colcon_core.event_handler.log_command:Invoking command in '/home/yx/code/ros2study/2/src/tf/build/tf': CMAKE_PREFIX_PATH=${CMAKE_PREFIX_PATH}:/opt/ros/dashing /usr/bin/cmake --build /home/yx/code/ros2study/2/src/tf/build/tf -- -j12 -l12
[2.302s] DEBUG:colcon.colcon_core.event_handler.log_command:Invoked command in '/home/yx/code/ros2study/2/src/tf/build/tf' returned '0': CMAKE_PREFIX_PATH=${CMAKE_PREFIX_PATH}:/opt/ros/dashing /usr/bin/cmake --build /home/yx/code/ros2study/2/src/tf/build/tf -- -j12 -l12
[2.331s] DEBUG:colcon.colcon_core.event_handler.log_command:Invoking command in '/home/yx/code/ros2study/2/src/tf/build/tf': CMAKE_PREFIX_PATH=${CMAKE_PREFIX_PATH}:/opt/ros/dashing /usr/bin/cmake --build /home/yx/code/ros2study/2/src/tf/build/tf --target install -- -j12 -l12
[2.396s] Level 1:colcon.colcon_core.environment:create_environment_scripts_only(tf)
[2.396s] DEBUG:colcon.colcon_core.event_handler.log_command:Invoked command in '/home/yx/code/ros2study/2/src/tf/build/tf' returned '0': CMAKE_PREFIX_PATH=${CMAKE_PREFIX_PATH}:/opt/ros/dashing /usr/bin/cmake --build /home/yx/code/ros2study/2/src/tf/build/tf --target install -- -j12 -l12
[2.400s] Level 1:colcon.colcon_core.environment:checking '/home/yx/code/ros2study/2/src/tf/install/tf' for CMake module files
[2.401s] Level 1:colcon.colcon_core.environment:checking '/home/yx/code/ros2study/2/src/tf/install/tf' for CMake config files
[2.401s] Level 1:colcon.colcon_core.shell:create_environment_hook('tf', 'cmake_prefix_path')
[2.402s] INFO:colcon.colcon_core.shell:Creating environment hook '/home/yx/code/ros2study/2/src/tf/install/tf/share/tf/hook/cmake_prefix_path.ps1'
[2.402s] INFO:colcon.colcon_core.shell:Creating environment descriptor '/home/yx/code/ros2study/2/src/tf/install/tf/share/tf/hook/cmake_prefix_path.dsv'
[2.403s] INFO:colcon.colcon_core.shell:Creating environment hook '/home/yx/code/ros2study/2/src/tf/install/tf/share/tf/hook/cmake_prefix_path.sh'
[2.404s] Level 1:colcon.colcon_core.environment:checking '/home/yx/code/ros2study/2/src/tf/install/tf/lib'
[2.404s] Level 1:colcon.colcon_core.environment:checking '/home/yx/code/ros2study/2/src/tf/install/tf/bin'
[2.404s] Level 1:colcon.colcon_core.environment:checking '/home/yx/code/ros2study/2/src/tf/install/tf/lib/pkgconfig/tf.pc'
[2.404s] Level 1:colcon.colcon_core.environment:checking '/home/yx/code/ros2study/2/src/tf/install/tf/lib/python3.6/site-packages'
[2.404s] Level 1:colcon.colcon_core.environment:checking '/home/yx/code/ros2study/2/src/tf/install/tf/bin'
[2.405s] INFO:colcon.colcon_core.shell:Creating package script '/home/yx/code/ros2study/2/src/tf/install/tf/share/tf/package.ps1'
[2.406s] INFO:colcon.colcon_core.shell:Creating package descriptor '/home/yx/code/ros2study/2/src/tf/install/tf/share/tf/package.dsv'
[2.406s] INFO:colcon.colcon_core.shell:Creating package script '/home/yx/code/ros2study/2/src/tf/install/tf/share/tf/package.sh'
[2.407s] INFO:colcon.colcon_core.shell:Creating package script '/home/yx/code/ros2study/2/src/tf/install/tf/share/tf/package.bash'
[2.408s] INFO:colcon.colcon_core.shell:Creating package script '/home/yx/code/ros2study/2/src/tf/install/tf/share/tf/package.zsh'
[2.408s] Level 1:colcon.colcon_core.environment:create_file_with_runtime_dependencies(/home/yx/code/ros2study/2/src/tf/install/tf/share/colcon-core/packages/tf)
[2.428s] Level 1:colcon.colcon_core.environment:create_environment_scripts_only(tf)
[2.429s] Level 1:colcon.colcon_core.environment:checking '/home/yx/code/ros2study/2/src/tf/install/tf' for CMake module files
[2.429s] Level 1:colcon.colcon_core.environment:checking '/home/yx/code/ros2study/2/src/tf/install/tf' for CMake config files
[2.430s] Level 1:colcon.colcon_core.shell:create_environment_hook('tf', 'cmake_prefix_path')
[2.430s] INFO:colcon.colcon_core.shell:Creating environment hook '/home/yx/code/ros2study/2/src/tf/install/tf/share/tf/hook/cmake_prefix_path.ps1'
[2.431s] INFO:colcon.colcon_core.shell:Creating environment descriptor '/home/yx/code/ros2study/2/src/tf/install/tf/share/tf/hook/cmake_prefix_path.dsv'
[2.431s] INFO:colcon.colcon_core.shell:Creating environment hook '/home/yx/code/ros2study/2/src/tf/install/tf/share/tf/hook/cmake_prefix_path.sh'
[2.432s] Level 1:colcon.colcon_core.environment:checking '/home/yx/code/ros2study/2/src/tf/install/tf/lib'
[2.432s] Level 1:colcon.colcon_core.environment:checking '/home/yx/code/ros2study/2/src/tf/install/tf/bin'
[2.432s] Level 1:colcon.colcon_core.environment:checking '/home/yx/code/ros2study/2/src/tf/install/tf/lib/pkgconfig/tf.pc'
[2.432s] Level 1:colcon.colcon_core.environment:checking '/home/yx/code/ros2study/2/src/tf/install/tf/lib/python3.6/site-packages'
[2.433s] Level 1:colcon.colcon_core.environment:checking '/home/yx/code/ros2study/2/src/tf/install/tf/bin'
[2.433s] INFO:colcon.colcon_core.shell:Creating package script '/home/yx/code/ros2study/2/src/tf/install/tf/share/tf/package.ps1'
[2.434s] INFO:colcon.colcon_core.shell:Creating package descriptor '/home/yx/code/ros2study/2/src/tf/install/tf/share/tf/package.dsv'
[2.434s] INFO:colcon.colcon_core.shell:Creating package script '/home/yx/code/ros2study/2/src/tf/install/tf/share/tf/package.sh'
[2.435s] INFO:colcon.colcon_core.shell:Creating package script '/home/yx/code/ros2study/2/src/tf/install/tf/share/tf/package.bash'
[2.435s] INFO:colcon.colcon_core.shell:Creating package script '/home/yx/code/ros2study/2/src/tf/install/tf/share/tf/package.zsh'
[2.435s] Level 1:colcon.colcon_core.environment:create_file_with_runtime_dependencies(/home/yx/code/ros2study/2/src/tf/install/tf/share/colcon-core/packages/tf)
[2.436s] DEBUG:colcon.colcon_parallel_executor.executor.parallel:closing loop
[2.436s] DEBUG:colcon.colcon_parallel_executor.executor.parallel:loop closed
[2.436s] DEBUG:colcon.colcon_parallel_executor.executor.parallel:run_until_complete finished with '0'
[2.436s] DEBUG:colcon.colcon_core.event_reactor:joining thread
[2.441s] INFO:colcon.colcon_core.plugin_system:Skipping extension 'colcon_notification.desktop_notification.terminal_notifier': Not used on non-Darwin systems
[2.441s] INFO:colcon.colcon_core.plugin_system:Skipping extension 'colcon_notification.desktop_notification.win32': Not used on non-Windows systems
[2.441s] INFO:colcon.colcon_notification.desktop_notification:Sending desktop notification using 'notify2'
[2.443s] DEBUG:colcon.colcon_core.event_reactor:joined thread
[2.444s] INFO:colcon.colcon_core.shell:Creating prefix script '/home/yx/code/ros2study/2/src/tf/install/local_setup.ps1'
[2.445s] INFO:colcon.colcon_core.shell:Creating prefix util module '/home/yx/code/ros2study/2/src/tf/install/_local_setup_util_ps1.py'
[2.446s] INFO:colcon.colcon_core.shell:Creating prefix chain script '/home/yx/code/ros2study/2/src/tf/install/setup.ps1'
[2.448s] INFO:colcon.colcon_core.shell:Creating prefix script '/home/yx/code/ros2study/2/src/tf/install/local_setup.sh'
[2.448s] INFO:colcon.colcon_core.shell:Creating prefix util module '/home/yx/code/ros2study/2/src/tf/install/_local_setup_util_sh.py'
[2.449s] INFO:colcon.colcon_core.shell:Creating prefix chain script '/home/yx/code/ros2study/2/src/tf/install/setup.sh'
[2.450s] INFO:colcon.colcon_core.shell:Creating prefix script '/home/yx/code/ros2study/2/src/tf/install/local_setup.bash'
[2.450s] INFO:colcon.colcon_core.shell:Creating prefix chain script '/home/yx/code/ros2study/2/src/tf/install/setup.bash'
[2.452s] INFO:colcon.colcon_core.shell:Creating prefix script '/home/yx/code/ros2study/2/src/tf/install/local_setup.zsh'
[2.452s] INFO:colcon.colcon_core.shell:Creating prefix chain script '/home/yx/code/ros2study/2/src/tf/install/setup.zsh'
