[35m[1mScanning dependencies of target circle[0m
[ 50%] [32mBuilding CXX object CMakeFiles/circle.dir/src/circle.cpp.o[0m
[01m[K/home/yx/code/ros2study/2/src/circle/src/circle.cpp:[m[K In function ‘[01m[Kint main(int, char**)[m[K’:
[01m[K/home/yx/code/ros2study/2/src/circle/src/circle.cpp:75:20:[m[K [01;35m[Kwarning: [m[Kunused variable ‘[01m[Kdistance_to_center[m[K’ [[01;35m[K-Wunused-variable[m[K]
             double [01;35m[Kdistance_to_center[m[K = sqrt(pow(nx - dx, 2) + pow(ny - dy, 2));
                    [01;35m[K^~~~~~~~~~~~~~~~~~[m[K
[100%] [32m[1mLinking CXX executable circle[0m
[100%] Built target circle
[100%] Built target circle
[36mInstall the project...[0m
-- Install configuration: ""
-- Up-to-date: /home/yx/code/ros2study/2/src/circle/install/circle/share/circle//launch
-- Up-to-date: /home/yx/code/ros2study/2/src/circle/install/circle/share/circle//launch/circle.py
-- Installing: /home/yx/code/ros2study/2/src/circle/install/circle/lib/circle/circle
-- Set runtime path of "/home/yx/code/ros2study/2/src/circle/install/circle/lib/circle/circle" to ""
-- Up-to-date: /home/yx/code/ros2study/2/src/circle/install/circle/share/ament_index/resource_index/package_run_dependencies/circle
-- Up-to-date: /home/yx/code/ros2study/2/src/circle/install/circle/share/ament_index/resource_index/parent_prefix_path/circle
-- Up-to-date: /home/yx/code/ros2study/2/src/circle/install/circle/share/circle/environment/ament_prefix_path.sh
-- Up-to-date: /home/yx/code/ros2study/2/src/circle/install/circle/share/circle/environment/path.sh
-- Up-to-date: /home/yx/code/ros2study/2/src/circle/install/circle/share/circle/local_setup.bash
-- Up-to-date: /home/yx/code/ros2study/2/src/circle/install/circle/share/circle/local_setup.sh
-- Up-to-date: /home/yx/code/ros2study/2/src/circle/install/circle/share/circle/local_setup.zsh
-- Up-to-date: /home/yx/code/ros2study/2/src/circle/install/circle/share/ament_index/resource_index/packages/circle
-- Up-to-date: /home/yx/code/ros2study/2/src/circle/install/circle/share/circle/cmake/circleConfig.cmake
-- Up-to-date: /home/yx/code/ros2study/2/src/circle/install/circle/share/circle/cmake/circleConfig-version.cmake
-- Up-to-date: /home/yx/code/ros2study/2/src/circle/install/circle/share/circle/package.xml
