[0.015s] Invoking command in '/home/yx/code/ros2study/2/src/circle/build/circle': CMAKE_PREFIX_PATH=${CMAKE_PREFIX_PATH}:/opt/ros/dashing /usr/bin/cmake --build /home/yx/code/ros2study/2/src/circle/build/circle -- -j12 -l12
[0.049s] [35m[1mScanning dependencies of target circle[0m
[0.065s] [ 50%] [32mBuilding CXX object CMakeFiles/circle.dir/src/circle.cpp.o[0m
[0.708s] [01m[K/home/yx/code/ros2study/2/src/circle/src/circle.cpp:[m[K In function ‘[01m[Kint main(int, char**)[m[K’:
[0.708s] [01m[K/home/yx/code/ros2study/2/src/circle/src/circle.cpp:75:20:[m[K [01;35m[Kwarning: [m[Kunused variable ‘[01m[Kdistance_to_center[m[K’ [[01;35m[K-Wunused-variable[m[K]
[0.708s]              double [01;35m[Kdistance_to_center[m[K = sqrt(pow(nx - dx, 2) + pow(ny - dy, 2));
[0.708s]                     [01;35m[K^~~~~~~~~~~~~~~~~~[m[K
[1.911s] [100%] [32m[1mLinking CXX executable circle[0m
[2.035s] [100%] Built target circle
[2.043s] Invoked command in '/home/yx/code/ros2study/2/src/circle/build/circle' returned '0': CMAKE_PREFIX_PATH=${CMAKE_PREFIX_PATH}:/opt/ros/dashing /usr/bin/cmake --build /home/yx/code/ros2study/2/src/circle/build/circle -- -j12 -l12
[2.072s] Invoking command in '/home/yx/code/ros2study/2/src/circle/build/circle': CMAKE_PREFIX_PATH=${CMAKE_PREFIX_PATH}:/opt/ros/dashing /usr/bin/cmake --build /home/yx/code/ros2study/2/src/circle/build/circle --target install -- -j12 -l12
[2.113s] [100%] Built target circle
[2.126s] [36mInstall the project...[0m
[2.132s] -- Install configuration: ""
[2.132s] -- Up-to-date: /home/yx/code/ros2study/2/src/circle/install/circle/share/circle//launch
[2.132s] -- Up-to-date: /home/yx/code/ros2study/2/src/circle/install/circle/share/circle//launch/circle.py
[2.132s] -- Installing: /home/yx/code/ros2study/2/src/circle/install/circle/lib/circle/circle
[2.133s] -- Set runtime path of "/home/yx/code/ros2study/2/src/circle/install/circle/lib/circle/circle" to ""
[2.133s] -- Up-to-date: /home/yx/code/ros2study/2/src/circle/install/circle/share/ament_index/resource_index/package_run_dependencies/circle
[2.133s] -- Up-to-date: /home/yx/code/ros2study/2/src/circle/install/circle/share/ament_index/resource_index/parent_prefix_path/circle
[2.133s] -- Up-to-date: /home/yx/code/ros2study/2/src/circle/install/circle/share/circle/environment/ament_prefix_path.sh
[2.133s] -- Up-to-date: /home/yx/code/ros2study/2/src/circle/install/circle/share/circle/environment/path.sh
[2.134s] -- Up-to-date: /home/yx/code/ros2study/2/src/circle/install/circle/share/circle/local_setup.bash
[2.134s] -- Up-to-date: /home/yx/code/ros2study/2/src/circle/install/circle/share/circle/local_setup.sh
[2.134s] -- Up-to-date: /home/yx/code/ros2study/2/src/circle/install/circle/share/circle/local_setup.zsh
[2.134s] -- Up-to-date: /home/yx/code/ros2study/2/src/circle/install/circle/share/ament_index/resource_index/packages/circle
[2.134s] -- Up-to-date: /home/yx/code/ros2study/2/src/circle/install/circle/share/circle/cmake/circleConfig.cmake
[2.134s] -- Up-to-date: /home/yx/code/ros2study/2/src/circle/install/circle/share/circle/cmake/circleConfig-version.cmake
[2.134s] -- Up-to-date: /home/yx/code/ros2study/2/src/circle/install/circle/share/circle/package.xml
[2.136s] Invoked command in '/home/yx/code/ros2study/2/src/circle/build/circle' returned '0': CMAKE_PREFIX_PATH=${CMAKE_PREFIX_PATH}:/opt/ros/dashing /usr/bin/cmake --build /home/yx/code/ros2study/2/src/circle/build/circle --target install -- -j12 -l12
