[0.010s] Invoking command in '/home/yx/code/ros2study/2/src/ntf/build/ntf': CMAKE_PREFIX_PATH=${CMAKE_PREFIX_PATH}:/opt/ros/dashing /usr/bin/cmake --build /home/yx/code/ros2study/2/src/ntf/build/ntf -- -j12 -l12
[0.043s] [35m[1mScanning dependencies of target ntf[0m
[0.058s] [ 50%] [32mBuilding CXX object CMakeFiles/ntf.dir/src/ntf.cpp.o[0m
[2.426s] [100%] [32m[1mLinking CXX executable ntf[0m
[2.543s] [100%] Built target ntf
[2.551s] Invoked command in '/home/yx/code/ros2study/2/src/ntf/build/ntf' returned '0': CMAKE_PREFIX_PATH=${CMAKE_PREFIX_PATH}:/opt/ros/dashing /usr/bin/cmake --build /home/yx/code/ros2study/2/src/ntf/build/ntf -- -j12 -l12
[2.577s] Invoking command in '/home/yx/code/ros2study/2/src/ntf/build/ntf': CMAKE_PREFIX_PATH=${CMAKE_PREFIX_PATH}:/opt/ros/dashing /usr/bin/cmake --build /home/yx/code/ros2study/2/src/ntf/build/ntf --target install -- -j12 -l12
[2.614s] [100%] Built target ntf
[2.626s] [36mInstall the project...[0m
[2.632s] -- Install configuration: ""
[2.632s] -- Up-to-date: /home/yx/code/ros2study/2/src/ntf/install/ntf/share/ntf//launch
[2.632s] -- Up-to-date: /home/yx/code/ros2study/2/src/ntf/install/ntf/share/ntf//launch/ntf.py
[2.632s] -- Up-to-date: /home/yx/code/ros2study/2/src/ntf/install/ntf/share/ntf//launch/ntf.launch
[2.632s] -- Installing: /home/yx/code/ros2study/2/src/ntf/install/ntf/lib/ntf/ntf
[2.633s] -- Set runtime path of "/home/yx/code/ros2study/2/src/ntf/install/ntf/lib/ntf/ntf" to ""
[2.633s] -- Up-to-date: /home/yx/code/ros2study/2/src/ntf/install/ntf/share/ament_index/resource_index/package_run_dependencies/ntf
[2.633s] -- Up-to-date: /home/yx/code/ros2study/2/src/ntf/install/ntf/share/ament_index/resource_index/parent_prefix_path/ntf
[2.633s] -- Up-to-date: /home/yx/code/ros2study/2/src/ntf/install/ntf/share/ntf/environment/ament_prefix_path.sh
[2.634s] -- Up-to-date: /home/yx/code/ros2study/2/src/ntf/install/ntf/share/ntf/environment/path.sh
[2.634s] -- Up-to-date: /home/yx/code/ros2study/2/src/ntf/install/ntf/share/ntf/local_setup.bash
[2.634s] -- Up-to-date: /home/yx/code/ros2study/2/src/ntf/install/ntf/share/ntf/local_setup.sh
[2.634s] -- Up-to-date: /home/yx/code/ros2study/2/src/ntf/install/ntf/share/ntf/local_setup.zsh
[2.634s] -- Up-to-date: /home/yx/code/ros2study/2/src/ntf/install/ntf/share/ament_index/resource_index/packages/ntf
[2.634s] -- Up-to-date: /home/yx/code/ros2study/2/src/ntf/install/ntf/share/ntf/cmake/ntfConfig.cmake
[2.634s] -- Up-to-date: /home/yx/code/ros2study/2/src/ntf/install/ntf/share/ntf/cmake/ntfConfig-version.cmake
[2.634s] -- Up-to-date: /home/yx/code/ros2study/2/src/ntf/install/ntf/share/ntf/package.xml
[2.636s] Invoked command in '/home/yx/code/ros2study/2/src/ntf/build/ntf' returned '0': CMAKE_PREFIX_PATH=${CMAKE_PREFIX_PATH}:/opt/ros/dashing /usr/bin/cmake --build /home/yx/code/ros2study/2/src/ntf/build/ntf --target install -- -j12 -l12
